Using pre-set license
Built from '2021.2/staging' branch; Version is '2021.2.6f1 (8c4e826ba445) revision 9195138'; Using compiler version '192829333'; Build Type 'Release'
OS: 'Windows 11  (10.0.22000) 64bit Professional' Language: 'en' Physical Memory: 16332 MB
BatchMode: 1, IsHumanControllingUs: 0, StartBugReporterOnCrash: 0, Is64bit: 1, IsPro: 0

COMMAND LINE ARGUMENTS:
D:\Unity 2021.2.6f1\Editor\Unity.exe
-adb2
-batchMode
-noUpm
-name
AssetImportWorker2
-projectPath
D:/Zombie Game
-logFile
Logs/AssetImportWorker2.log
-srvPort
54609
Successfully changed project path to: D:/Zombie Game
D:/Zombie Game
[UnityMemory] Configuration Parameters - Can be set up in boot.config
    "memorysetup-bucket-allocator-granularity=16"
    "memorysetup-bucket-allocator-bucket-count=8"
    "memorysetup-bucket-allocator-block-size=33554432"
    "memorysetup-bucket-allocator-block-count=8"
    "memorysetup-main-allocator-block-size=16777216"
    "memorysetup-thread-allocator-block-size=16777216"
    "memorysetup-gfx-main-allocator-block-size=16777216"
    "memorysetup-gfx-thread-allocator-block-size=16777216"
    "memorysetup-cache-allocator-block-size=4194304"
    "memorysetup-typetree-allocator-block-size=2097152"
    "memorysetup-profiler-bucket-allocator-granularity=16"
    "memorysetup-profiler-bucket-allocator-bucket-count=8"
    "memorysetup-profiler-bucket-allocator-block-size=33554432"
    "memorysetup-profiler-bucket-allocator-block-count=8"
    "memorysetup-profiler-allocator-block-size=16777216"
    "memorysetup-profiler-editor-allocator-block-size=1048576"
    "memorysetup-temp-allocator-size-main=16777216"
    "memorysetup-job-temp-allocator-block-size=2097152"
    "memorysetup-job-temp-allocator-block-size-background=1048576"
    "memorysetup-job-temp-allocator-reduction-small-platforms=262144"
    "memorysetup-temp-allocator-size-background-worker=32768"
    "memorysetup-temp-allocator-size-job-worker=262144"
    "memorysetup-temp-allocator-size-preload-manager=33554432"
    "memorysetup-temp-allocator-size-nav-mesh-worker=65536"
    "memorysetup-temp-allocator-size-audio-worker=65536"
    "memorysetup-temp-allocator-size-cloud-worker=32768"
    "memorysetup-temp-allocator-size-gi-baking-worker=262144"
    "memorysetup-temp-allocator-size-gfx=262144"
Refreshing native plugins compatible for Editor in 130.46 ms, found 3 plugins.
Preloading 0 native plugins for Editor in 0.00 ms.
Initialize engine version: 2021.2.6f1 (8c4e826ba445)
[Subsystems] Discovering subsystems at path D:/Unity 2021.2.6f1/Editor/Data/Resources/UnitySubsystems
[Subsystems] Discovering subsystems at path D:/Zombie Game/Assets
GfxDevice: creating device client; threaded=0; jobified=0
Direct3D:
    Version:  Direct3D 11.0 [level 11.1]
    Renderer: NVIDIA GeForce GTX 1660 SUPER (ID=0x21c4)
    Vendor:   NVIDIA
    VRAM:     5991 MB
    Driver:   30.0.14.9709
Shader 'Custom/RainShader': fallback shader 'Particles/Alpha Blended' not found
Initialize mono
Mono path[0] = 'D:/Unity 2021.2.6f1/Editor/Data/Managed'
Mono path[1] = 'D:/Unity 2021.2.6f1/Editor/Data/MonoBleedingEdge/lib/mono/unityjit-win32'
Mono config path = 'D:/Unity 2021.2.6f1/Editor/Data/MonoBleedingEdge/etc'
Using monoOptions --debugger-agent=transport=dt_socket,embedding=1,server=y,suspend=n,address=127.0.0.1:56600
Begin MonoManager ReloadAssembly
Registering precompiled unity dll's ...
Register platform support module: D:/Unity 2021.2.6f1/Editor/Data/PlaybackEngines/WindowsStandaloneSupport/UnityEditor.WindowsStandalone.Extensions.dll
Registered in 0.001568 seconds.
Native extension for WindowsStandalone target not found
Refreshing native plugins compatible for Editor in 140.96 ms, found 3 plugins.
Preloading 0 native plugins for Editor in 0.00 ms.
Mono: successfully reloaded assembly
- Completed reload, in  0.658 seconds
Domain Reload Profiling:
	ReloadAssembly (658ms)
		BeginReloadAssembly (85ms)
			ExecutionOrderSort (0ms)
			DisableScriptedObjects (0ms)
			BackupInstance (0ms)
			ReleaseScriptingObjects (0ms)
			CreateAndSetChildDomain (1ms)
		EndReloadAssembly (503ms)
			LoadAssemblies (84ms)
			RebuildTransferFunctionScriptingTraits (0ms)
			SetupTypeCache (104ms)
			ReleaseScriptCaches (0ms)
			RebuildScriptCaches (29ms)
			SetupLoadedEditorAssemblies (320ms)
				LogAssemblyErrors (0ms)
				InitializePlatformSupportModulesInManaged (15ms)
				SetLoadedEditorAssemblies (0ms)
				RefreshPlugins (141ms)
				BeforeProcessingInitializeOnLoad (1ms)
				ProcessInitializeOnLoadAttributes (120ms)
				ProcessInitializeOnLoadMethodAttributes (42ms)
				AfterProcessingInitializeOnLoad (0ms)
				EditorAssembliesLoaded (0ms)
			ExecutionOrderSort2 (0ms)
			AwakeInstancesAfterBackupRestoration (0ms)
Platform modules already initialized, skipping
Registering precompiled user dll's ...
Registered in 0.004594 seconds.
Begin MonoManager ReloadAssembly
Symbol file LoadedFromMemory doesn't match image D:\Zombie Game\Library\PackageCache\com.unity.visualscripting@1.7.5\Editor\VisualScripting.Core\Dependencies\YamlDotNet\Unity.VisualScripting.YamlDotNet.dll
Symbol file LoadedFromMemory doesn't match image D:\Zombie Game\Library\PackageCache\com.unity.visualscripting@1.7.5\Editor\VisualScripting.Core\Dependencies\DotNetZip\Unity.VisualScripting.IonicZip.dll
Native extension for WindowsStandalone target not found
Refreshing native plugins compatible for Editor in 126.11 ms, found 3 plugins.
Preloading 0 native plugins for Editor in 0.00 ms.
Mono: successfully reloaded assembly
- Completed reload, in  1.129 seconds
Domain Reload Profiling:
	ReloadAssembly (1130ms)
		BeginReloadAssembly (115ms)
			ExecutionOrderSort (0ms)
			DisableScriptedObjects (5ms)
			BackupInstance (0ms)
			ReleaseScriptingObjects (0ms)
			CreateAndSetChildDomain (19ms)
		EndReloadAssembly (927ms)
			LoadAssemblies (84ms)
			RebuildTransferFunctionScriptingTraits (0ms)
			SetupTypeCache (222ms)
			ReleaseScriptCaches (1ms)
			RebuildScriptCaches (55ms)
			SetupLoadedEditorAssemblies (538ms)
				LogAssemblyErrors (0ms)
				InitializePlatformSupportModulesInManaged (10ms)
				SetLoadedEditorAssemblies (0ms)
				RefreshPlugins (126ms)
				BeforeProcessingInitializeOnLoad (90ms)
				ProcessInitializeOnLoadAttributes (290ms)
				ProcessInitializeOnLoadMethodAttributes (19ms)
				AfterProcessingInitializeOnLoad (2ms)
				EditorAssembliesLoaded (0ms)
			ExecutionOrderSort2 (0ms)
			AwakeInstancesAfterBackupRestoration (5ms)
Platform modules already initialized, skipping
========================================================================
Worker process is ready to serve import requests
Shader 'Custom/RainShader': fallback shader 'Particles/Alpha Blended' not found
Launched and connected shader compiler UnityShaderCompiler.exe after 0.12 seconds
Refreshing native plugins compatible for Editor in 0.97 ms, found 3 plugins.
Preloading 0 native plugins for Editor in 0.00 ms.
Unloading 3739 Unused Serialized files (Serialized files now loaded: 0)
Unloading 30 unused Assets / (469.6 KB). Loaded Objects now: 4227.
Memory consumption went from 230.4 MB to 229.9 MB.
Total: 3.555400 ms (FindLiveObjects: 0.360000 ms CreateObjectMapping: 0.113000 ms MarkObjects: 2.821400 ms  DeleteObjects: 0.259500 ms)

AssetImportParameters requested are different than current active one (requested -> active):
  custom:video-decoder-ogg-theora: a1e56fd34408186e4bbccfd4996cb3dc -> 
  custom:container-muxer-webm: aa71ff27fc2769a1b78a27578f13a17b -> 
  custom:container-demuxer-webm: 4f35f7cbe854078d1ac9338744f61a02 -> 
  custom:video-encoder-webm-vp8: eb34c28f22e8b96e1ab97ce403110664 -> 
  custom:audio-encoder-webm-vorbis: bf7c407c2cedff20999df2af8eb42d56 -> 
  custom:framework-win-MediaFoundation: 216162199b28c13a410421893ffa2e32 -> 
  custom:container-demuxer-ogg: 62fdf1f143b41e24485cea50d1cbac27 -> 
  custom:video-decoder-webm-vp8: 9c59270c3fd7afecdb556c50c9e8de78 -> 
  custom:audio-decoder-ogg-vorbis: bf7c407c2cedff20999df2af8eb42d56 -> 
========================================================================
Received Prepare
Registering precompiled user dll's ...
Registered in 0.004680 seconds.
Begin MonoManager ReloadAssembly
Symbol file LoadedFromMemory doesn't match image D:\Zombie Game\Library\PackageCache\com.unity.visualscripting@1.7.5\Editor\VisualScripting.Core\Dependencies\YamlDotNet\Unity.VisualScripting.YamlDotNet.dll
Symbol file LoadedFromMemory doesn't match image D:\Zombie Game\Library\PackageCache\com.unity.visualscripting@1.7.5\Editor\VisualScripting.Core\Dependencies\DotNetZip\Unity.VisualScripting.IonicZip.dll
Native extension for WindowsStandalone target not found
Refreshing native plugins compatible for Editor in 1.63 ms, found 3 plugins.
Preloading 0 native plugins for Editor in 0.00 ms.
Mono: successfully reloaded assembly
- Completed reload, in  1.057 seconds
Domain Reload Profiling:
	ReloadAssembly (1057ms)
		BeginReloadAssembly (177ms)
			ExecutionOrderSort (0ms)
			DisableScriptedObjects (6ms)
			BackupInstance (0ms)
			ReleaseScriptingObjects (0ms)
			CreateAndSetChildDomain (38ms)
		EndReloadAssembly (770ms)
			LoadAssemblies (126ms)
			RebuildTransferFunctionScriptingTraits (0ms)
			SetupTypeCache (256ms)
			ReleaseScriptCaches (1ms)
			RebuildScriptCaches (39ms)
			SetupLoadedEditorAssemblies (354ms)
				LogAssemblyErrors (0ms)
				InitializePlatformSupportModulesInManaged (13ms)
				SetLoadedEditorAssemblies (1ms)
				RefreshPlugins (2ms)
				BeforeProcessingInitializeOnLoad (69ms)
				ProcessInitializeOnLoadAttributes (240ms)
				ProcessInitializeOnLoadMethodAttributes (26ms)
				AfterProcessingInitializeOnLoad (2ms)
				EditorAssembliesLoaded (0ms)
			ExecutionOrderSort2 (0ms)
			AwakeInstancesAfterBackupRestoration (5ms)
Platform modules already initialized, skipping
Shader 'Custom/RainShader': fallback shader 'Particles/Alpha Blended' not found
Refreshing native plugins compatible for Editor in 1.10 ms, found 3 plugins.
Preloading 0 native plugins for Editor in 0.00 ms.
Unloading 3701 Unused Serialized files (Serialized files now loaded: 0)
Unloading 23 unused Assets / (428.8 KB). Loaded Objects now: 4229.
Memory consumption went from 227.0 MB to 226.6 MB.
Total: 3.933000 ms (FindLiveObjects: 0.574900 ms CreateObjectMapping: 0.135400 ms MarkObjects: 2.971300 ms  DeleteObjects: 0.250000 ms)

AssetImportParameters requested are different than current active one (requested -> active):
  custom:video-decoder-ogg-theora: a1e56fd34408186e4bbccfd4996cb3dc -> 
  custom:container-muxer-webm: aa71ff27fc2769a1b78a27578f13a17b -> 
  custom:container-demuxer-webm: 4f35f7cbe854078d1ac9338744f61a02 -> 
  custom:video-encoder-webm-vp8: eb34c28f22e8b96e1ab97ce403110664 -> 
  custom:audio-encoder-webm-vorbis: bf7c407c2cedff20999df2af8eb42d56 -> 
  custom:framework-win-MediaFoundation: 216162199b28c13a410421893ffa2e32 -> 
  custom:container-demuxer-ogg: 62fdf1f143b41e24485cea50d1cbac27 -> 
  custom:video-decoder-webm-vp8: 9c59270c3fd7afecdb556c50c9e8de78 -> 
  custom:audio-decoder-ogg-vorbis: bf7c407c2cedff20999df2af8eb42d56 -> 
========================================================================
Received Import Request.
  Time since last request: 11582.351861 seconds.
  path: Assets/game over song kino.mp3
  artifactKey: Guid(b7811b1fd10f3ac4ab0d2b7d6b0a66f9) Importer(815301076,1909f56bfc062723c751e8b465ee728b)
Start importing Assets/game over song kino.mp3 using Guid(b7811b1fd10f3ac4ab0d2b7d6b0a66f9) Importer(815301076,1909f56bfc062723c751e8b465ee728b)  -> (artifact id: '7af0700fcb4635791baaa0c066f4d90a') in 0.131773 seconds 
========================================================================
Received Prepare
Registering precompiled user dll's ...
Registered in 0.004543 seconds.
Begin MonoManager ReloadAssembly
Symbol file LoadedFromMemory doesn't match image D:\Zombie Game\Library\PackageCache\com.unity.visualscripting@1.7.5\Editor\VisualScripting.Core\Dependencies\YamlDotNet\Unity.VisualScripting.YamlDotNet.dll
Symbol file LoadedFromMemory doesn't match image D:\Zombie Game\Library\PackageCache\com.unity.visualscripting@1.7.5\Editor\VisualScripting.Core\Dependencies\DotNetZip\Unity.VisualScripting.IonicZip.dll
Native extension for WindowsStandalone target not found
Refreshing native plugins compatible for Editor in 1.54 ms, found 3 plugins.
Preloading 0 native plugins for Editor in 0.00 ms.
Mono: successfully reloaded assembly
- Completed reload, in  1.019 seconds
Domain Reload Profiling:
	ReloadAssembly (1020ms)
		BeginReloadAssembly (149ms)
			ExecutionOrderSort (0ms)
			DisableScriptedObjects (5ms)
			BackupInstance (0ms)
			ReleaseScriptingObjects (0ms)
			CreateAndSetChildDomain (37ms)
		EndReloadAssembly (774ms)
			LoadAssemblies (91ms)
			RebuildTransferFunctionScriptingTraits (0ms)
			SetupTypeCache (230ms)
			ReleaseScriptCaches (2ms)
			RebuildScriptCaches (40ms)
			SetupLoadedEditorAssemblies (375ms)
				LogAssemblyErrors (0ms)
				InitializePlatformSupportModulesInManaged (14ms)
				SetLoadedEditorAssemblies (1ms)
				RefreshPlugins (2ms)
				BeforeProcessingInitializeOnLoad (72ms)
				ProcessInitializeOnLoadAttributes (259ms)
				ProcessInitializeOnLoadMethodAttributes (25ms)
				AfterProcessingInitializeOnLoad (2ms)
				EditorAssembliesLoaded (0ms)
			ExecutionOrderSort2 (0ms)
			AwakeInstancesAfterBackupRestoration (6ms)
Platform modules already initialized, skipping
Shader 'Custom/RainShader': fallback shader 'Particles/Alpha Blended' not found
Refreshing native plugins compatible for Editor in 1.12 ms, found 3 plugins.
Preloading 0 native plugins for Editor in 0.00 ms.
Unloading 3701 Unused Serialized files (Serialized files now loaded: 0)
Unloading 23 unused Assets / (428.7 KB). Loaded Objects now: 4239.
Memory consumption went from 231.4 MB to 231.0 MB.
Total: 3.570700 ms (FindLiveObjects: 0.392200 ms CreateObjectMapping: 0.100800 ms MarkObjects: 2.828700 ms  DeleteObjects: 0.247500 ms)

AssetImportParameters requested are different than current active one (requested -> active):
  custom:video-decoder-ogg-theora: a1e56fd34408186e4bbccfd4996cb3dc -> 
  custom:container-muxer-webm: aa71ff27fc2769a1b78a27578f13a17b -> 
  custom:container-demuxer-webm: 4f35f7cbe854078d1ac9338744f61a02 -> 
  custom:video-encoder-webm-vp8: eb34c28f22e8b96e1ab97ce403110664 -> 
  custom:audio-encoder-webm-vorbis: bf7c407c2cedff20999df2af8eb42d56 -> 
  custom:framework-win-MediaFoundation: 216162199b28c13a410421893ffa2e32 -> 
  custom:container-demuxer-ogg: 62fdf1f143b41e24485cea50d1cbac27 -> 
  custom:video-decoder-webm-vp8: 9c59270c3fd7afecdb556c50c9e8de78 -> 
  custom:audio-decoder-ogg-vorbis: bf7c407c2cedff20999df2af8eb42d56 -> 
========================================================================
Received Prepare
Registering precompiled user dll's ...
Registered in 0.005449 seconds.
Begin MonoManager ReloadAssembly
Symbol file LoadedFromMemory doesn't match image D:\Zombie Game\Library\PackageCache\com.unity.visualscripting@1.7.5\Editor\VisualScripting.Core\Dependencies\YamlDotNet\Unity.VisualScripting.YamlDotNet.dll
Symbol file LoadedFromMemory doesn't match image D:\Zombie Game\Library\PackageCache\com.unity.visualscripting@1.7.5\Editor\VisualScripting.Core\Dependencies\DotNetZip\Unity.VisualScripting.IonicZip.dll
Native extension for WindowsStandalone target not found
Refreshing native plugins compatible for Editor in 1.09 ms, found 3 plugins.
Preloading 0 native plugins for Editor in 0.00 ms.
Mono: successfully reloaded assembly
- Completed reload, in  1.051 seconds
Domain Reload Profiling:
	ReloadAssembly (1051ms)
		BeginReloadAssembly (141ms)
			ExecutionOrderSort (0ms)
			DisableScriptedObjects (6ms)
			BackupInstance (0ms)
			ReleaseScriptingObjects (0ms)
			CreateAndSetChildDomain (32ms)
		EndReloadAssembly (821ms)
			LoadAssemblies (97ms)
			RebuildTransferFunctionScriptingTraits (0ms)
			SetupTypeCache (223ms)
			ReleaseScriptCaches (2ms)
			RebuildScriptCaches (39ms)
			SetupLoadedEditorAssemblies (420ms)
				LogAssemblyErrors (0ms)
				InitializePlatformSupportModulesInManaged (25ms)
				SetLoadedEditorAssemblies (0ms)
				RefreshPlugins (1ms)
				BeforeProcessingInitializeOnLoad (74ms)
				ProcessInitializeOnLoadAttributes (287ms)
				ProcessInitializeOnLoadMethodAttributes (29ms)
				AfterProcessingInitializeOnLoad (3ms)
				EditorAssembliesLoaded (0ms)
			ExecutionOrderSort2 (0ms)
			AwakeInstancesAfterBackupRestoration (7ms)
Platform modules already initialized, skipping
Shader 'Custom/RainShader': fallback shader 'Particles/Alpha Blended' not found
Refreshing native plugins compatible for Editor in 1.18 ms, found 3 plugins.
Preloading 0 native plugins for Editor in 0.00 ms.
Unloading 3701 Unused Serialized files (Serialized files now loaded: 0)
Unloading 23 unused Assets / (436.7 KB). Loaded Objects now: 4241.
Memory consumption went from 231.4 MB to 231.0 MB.
Total: 4.694300 ms (FindLiveObjects: 0.513200 ms CreateObjectMapping: 0.147800 ms MarkObjects: 3.726300 ms  DeleteObjects: 0.305400 ms)

AssetImportParameters requested are different than current active one (requested -> active):
  custom:video-decoder-ogg-theora: a1e56fd34408186e4bbccfd4996cb3dc -> 
  custom:container-muxer-webm: aa71ff27fc2769a1b78a27578f13a17b -> 
  custom:container-demuxer-webm: 4f35f7cbe854078d1ac9338744f61a02 -> 
  custom:video-encoder-webm-vp8: eb34c28f22e8b96e1ab97ce403110664 -> 
  custom:audio-encoder-webm-vorbis: bf7c407c2cedff20999df2af8eb42d56 -> 
  custom:framework-win-MediaFoundation: 216162199b28c13a410421893ffa2e32 -> 
  custom:container-demuxer-ogg: 62fdf1f143b41e24485cea50d1cbac27 -> 
  custom:video-decoder-webm-vp8: 9c59270c3fd7afecdb556c50c9e8de78 -> 
  custom:audio-decoder-ogg-vorbis: bf7c407c2cedff20999df2af8eb42d56 -> 
========================================================================
Received Import Request.
  Time since last request: 561.611095 seconds.
  path: Assets/Health.cs
  artifactKey: Guid(c02d75fab1c2ffc4f8ccf947324950de) Importer(815301076,1909f56bfc062723c751e8b465ee728b)
Start importing Assets/Health.cs using Guid(c02d75fab1c2ffc4f8ccf947324950de) Importer(815301076,1909f56bfc062723c751e8b465ee728b)  -> (artifact id: '90f7171f898ab1cf4807dde8ca8b7f37') in 0.097342 seconds 
========================================================================
Received Prepare
Registering precompiled user dll's ...
Registered in 0.005937 seconds.
Begin MonoManager ReloadAssembly
Symbol file LoadedFromMemory doesn't match image D:\Zombie Game\Library\PackageCache\com.unity.visualscripting@1.7.5\Editor\VisualScripting.Core\Dependencies\YamlDotNet\Unity.VisualScripting.YamlDotNet.dll
Symbol file LoadedFromMemory doesn't match image D:\Zombie Game\Library\PackageCache\com.unity.visualscripting@1.7.5\Editor\VisualScripting.Core\Dependencies\DotNetZip\Unity.VisualScripting.IonicZip.dll
Native extension for WindowsStandalone target not found
Refreshing native plugins compatible for Editor in 1.43 ms, found 3 plugins.
Preloading 0 native plugins for Editor in 0.00 ms.
Mono: successfully reloaded assembly
- Completed reload, in  1.126 seconds
Domain Reload Profiling:
	ReloadAssembly (1126ms)
		BeginReloadAssembly (163ms)
			ExecutionOrderSort (0ms)
			DisableScriptedObjects (6ms)
			BackupInstance (0ms)
			ReleaseScriptingObjects (0ms)
			CreateAndSetChildDomain (37ms)
		EndReloadAssembly (833ms)
			LoadAssemblies (108ms)
			RebuildTransferFunctionScriptingTraits (0ms)
			SetupTypeCache (250ms)
			ReleaseScriptCaches (2ms)
			RebuildScriptCaches (61ms)
			SetupLoadedEditorAssemblies (366ms)
				LogAssemblyErrors (0ms)
				InitializePlatformSupportModulesInManaged (16ms)
				SetLoadedEditorAssemblies (1ms)
				RefreshPlugins (2ms)
				BeforeProcessingInitializeOnLoad (82ms)
				ProcessInitializeOnLoadAttributes (240ms)
				ProcessInitializeOnLoadMethodAttributes (23ms)
				AfterProcessingInitializeOnLoad (2ms)
				EditorAssembliesLoaded (0ms)
			ExecutionOrderSort2 (0ms)
			AwakeInstancesAfterBackupRestoration (5ms)
Platform modules already initialized, skipping
Shader 'Custom/RainShader': fallback shader 'Particles/Alpha Blended' not found
Refreshing native plugins compatible for Editor in 1.71 ms, found 3 plugins.
Preloading 0 native plugins for Editor in 0.00 ms.
Unloading 3702 Unused Serialized files (Serialized files now loaded: 0)
Unloading 23 unused Assets / (428.9 KB). Loaded Objects now: 4244.
Memory consumption went from 231.5 MB to 231.1 MB.
Total: 3.561300 ms (FindLiveObjects: 0.394600 ms CreateObjectMapping: 0.101000 ms MarkObjects: 2.791100 ms  DeleteObjects: 0.273300 ms)

AssetImportParameters requested are different than current active one (requested -> active):
  custom:video-decoder-ogg-theora: a1e56fd34408186e4bbccfd4996cb3dc -> 
  custom:container-muxer-webm: aa71ff27fc2769a1b78a27578f13a17b -> 
  custom:container-demuxer-webm: 4f35f7cbe854078d1ac9338744f61a02 -> 
  custom:video-encoder-webm-vp8: eb34c28f22e8b96e1ab97ce403110664 -> 
  custom:audio-encoder-webm-vorbis: bf7c407c2cedff20999df2af8eb42d56 -> 
  custom:framework-win-MediaFoundation: 216162199b28c13a410421893ffa2e32 -> 
  custom:container-demuxer-ogg: 62fdf1f143b41e24485cea50d1cbac27 -> 
  custom:video-decoder-webm-vp8: 9c59270c3fd7afecdb556c50c9e8de78 -> 
  custom:audio-decoder-ogg-vorbis: bf7c407c2cedff20999df2af8eb42d56 -> 
========================================================================
Received Prepare
Registering precompiled user dll's ...
Registered in 0.005618 seconds.
Begin MonoManager ReloadAssembly
Symbol file LoadedFromMemory doesn't match image D:\Zombie Game\Library\PackageCache\com.unity.visualscripting@1.7.5\Editor\VisualScripting.Core\Dependencies\YamlDotNet\Unity.VisualScripting.YamlDotNet.dll
Symbol file LoadedFromMemory doesn't match image D:\Zombie Game\Library\PackageCache\com.unity.visualscripting@1.7.5\Editor\VisualScripting.Core\Dependencies\DotNetZip\Unity.VisualScripting.IonicZip.dll
Native extension for WindowsStandalone target not found
Refreshing native plugins compatible for Editor in 1.12 ms, found 3 plugins.
Preloading 0 native plugins for Editor in 0.00 ms.
Mono: successfully reloaded assembly
- Completed reload, in  0.977 seconds
Domain Reload Profiling:
	ReloadAssembly (977ms)
		BeginReloadAssembly (147ms)
			ExecutionOrderSort (0ms)
			DisableScriptedObjects (6ms)
			BackupInstance (0ms)
			ReleaseScriptingObjects (0ms)
			CreateAndSetChildDomain (37ms)
		EndReloadAssembly (739ms)
			LoadAssemblies (99ms)
			RebuildTransferFunctionScriptingTraits (0ms)
			SetupTypeCache (235ms)
			ReleaseScriptCaches (1ms)
			RebuildScriptCaches (41ms)
			SetupLoadedEditorAssemblies (334ms)
				LogAssemblyErrors (0ms)
				InitializePlatformSupportModulesInManaged (11ms)
				SetLoadedEditorAssemblies (0ms)
				RefreshPlugins (1ms)
				BeforeProcessingInitializeOnLoad (66ms)
				ProcessInitializeOnLoadAttributes (229ms)
				ProcessInitializeOnLoadMethodAttributes (23ms)
				AfterProcessingInitializeOnLoad (3ms)
				EditorAssembliesLoaded (0ms)
			ExecutionOrderSort2 (0ms)
			AwakeInstancesAfterBackupRestoration (6ms)
Platform modules already initialized, skipping
Shader 'Custom/RainShader': fallback shader 'Particles/Alpha Blended' not found
Refreshing native plugins compatible for Editor in 1.39 ms, found 3 plugins.
Preloading 0 native plugins for Editor in 0.00 ms.
Unloading 3702 Unused Serialized files (Serialized files now loaded: 0)
Unloading 23 unused Assets / (405.3 KB). Loaded Objects now: 4246.
Memory consumption went from 231.5 MB to 231.1 MB.
Total: 3.551900 ms (FindLiveObjects: 0.351900 ms CreateObjectMapping: 0.311500 ms MarkObjects: 2.619900 ms  DeleteObjects: 0.267500 ms)

AssetImportParameters requested are different than current active one (requested -> active):
  custom:video-decoder-ogg-theora: a1e56fd34408186e4bbccfd4996cb3dc -> 
  custom:container-muxer-webm: aa71ff27fc2769a1b78a27578f13a17b -> 
  custom:container-demuxer-webm: 4f35f7cbe854078d1ac9338744f61a02 -> 
  custom:video-encoder-webm-vp8: eb34c28f22e8b96e1ab97ce403110664 -> 
  custom:audio-encoder-webm-vorbis: bf7c407c2cedff20999df2af8eb42d56 -> 
  custom:framework-win-MediaFoundation: 216162199b28c13a410421893ffa2e32 -> 
  custom:container-demuxer-ogg: 62fdf1f143b41e24485cea50d1cbac27 -> 
  custom:video-decoder-webm-vp8: 9c59270c3fd7afecdb556c50c9e8de78 -> 
  custom:audio-decoder-ogg-vorbis: bf7c407c2cedff20999df2af8eb42d56 -> 
========================================================================
Received Prepare
Registering precompiled user dll's ...
Registered in 0.004844 seconds.
Begin MonoManager ReloadAssembly
Symbol file LoadedFromMemory doesn't match image D:\Zombie Game\Library\PackageCache\com.unity.visualscripting@1.7.5\Editor\VisualScripting.Core\Dependencies\YamlDotNet\Unity.VisualScripting.YamlDotNet.dll
Symbol file LoadedFromMemory doesn't match image D:\Zombie Game\Library\PackageCache\com.unity.visualscripting@1.7.5\Editor\VisualScripting.Core\Dependencies\DotNetZip\Unity.VisualScripting.IonicZip.dll
Native extension for WindowsStandalone target not found
Refreshing native plugins compatible for Editor in 1.04 ms, found 3 plugins.
Preloading 0 native plugins for Editor in 0.00 ms.
Mono: successfully reloaded assembly
- Completed reload, in  0.930 seconds
Domain Reload Profiling:
	ReloadAssembly (931ms)
		BeginReloadAssembly (133ms)
			ExecutionOrderSort (0ms)
			DisableScriptedObjects (5ms)
			BackupInstance (0ms)
			ReleaseScriptingObjects (0ms)
			CreateAndSetChildDomain (30ms)
		EndReloadAssembly (705ms)
			LoadAssemblies (90ms)
			RebuildTransferFunctionScriptingTraits (0ms)
			SetupTypeCache (217ms)
			ReleaseScriptCaches (1ms)
			RebuildScriptCaches (38ms)
			SetupLoadedEditorAssemblies (333ms)
				LogAssemblyErrors (0ms)
				InitializePlatformSupportModulesInManaged (10ms)
				SetLoadedEditorAssemblies (0ms)
				RefreshPlugins (1ms)
				BeforeProcessingInitializeOnLoad (60ms)
				ProcessInitializeOnLoadAttributes (234ms)
				ProcessInitializeOnLoadMethodAttributes (25ms)
				AfterProcessingInitializeOnLoad (2ms)
				EditorAssembliesLoaded (0ms)
			ExecutionOrderSort2 (0ms)
			AwakeInstancesAfterBackupRestoration (6ms)
Platform modules already initialized, skipping
Shader 'Custom/RainShader': fallback shader 'Particles/Alpha Blended' not found
Refreshing native plugins compatible for Editor in 1.72 ms, found 3 plugins.
Preloading 0 native plugins for Editor in 0.00 ms.
Unloading 3702 Unused Serialized files (Serialized files now loaded: 0)
Unloading 23 unused Assets / (428.8 KB). Loaded Objects now: 4248.
Memory consumption went from 231.5 MB to 231.1 MB.
Total: 4.352200 ms (FindLiveObjects: 0.442100 ms CreateObjectMapping: 0.187800 ms MarkObjects: 3.293200 ms  DeleteObjects: 0.428000 ms)

AssetImportParameters requested are different than current active one (requested -> active):
  custom:video-decoder-ogg-theora: a1e56fd34408186e4bbccfd4996cb3dc -> 
  custom:container-muxer-webm: aa71ff27fc2769a1b78a27578f13a17b -> 
  custom:container-demuxer-webm: 4f35f7cbe854078d1ac9338744f61a02 -> 
  custom:video-encoder-webm-vp8: eb34c28f22e8b96e1ab97ce403110664 -> 
  custom:audio-encoder-webm-vorbis: bf7c407c2cedff20999df2af8eb42d56 -> 
  custom:framework-win-MediaFoundation: 216162199b28c13a410421893ffa2e32 -> 
  custom:container-demuxer-ogg: 62fdf1f143b41e24485cea50d1cbac27 -> 
  custom:video-decoder-webm-vp8: 9c59270c3fd7afecdb556c50c9e8de78 -> 
  custom:audio-decoder-ogg-vorbis: bf7c407c2cedff20999df2af8eb42d56 -> 
========================================================================
Received Prepare
Registering precompiled user dll's ...
Registered in 0.005751 seconds.
Begin MonoManager ReloadAssembly
Symbol file LoadedFromMemory doesn't match image D:\Zombie Game\Library\PackageCache\com.unity.visualscripting@1.7.5\Editor\VisualScripting.Core\Dependencies\YamlDotNet\Unity.VisualScripting.YamlDotNet.dll
Symbol file LoadedFromMemory doesn't match image D:\Zombie Game\Library\PackageCache\com.unity.visualscripting@1.7.5\Editor\VisualScripting.Core\Dependencies\DotNetZip\Unity.VisualScripting.IonicZip.dll
Native extension for WindowsStandalone target not found
Refreshing native plugins compatible for Editor in 1.02 ms, found 3 plugins.
Preloading 0 native plugins for Editor in 0.00 ms.
Mono: successfully reloaded assembly
- Completed reload, in  0.969 seconds
Domain Reload Profiling:
	ReloadAssembly (969ms)
		BeginReloadAssembly (146ms)
			ExecutionOrderSort (0ms)
			DisableScriptedObjects (5ms)
			BackupInstance (0ms)
			ReleaseScriptingObjects (0ms)
			CreateAndSetChildDomain (36ms)
		EndReloadAssembly (724ms)
			LoadAssemblies (94ms)
			RebuildTransferFunctionScriptingTraits (0ms)
			SetupTypeCache (225ms)
			ReleaseScriptCaches (1ms)
			RebuildScriptCaches (40ms)
			SetupLoadedEditorAssemblies (341ms)
				LogAssemblyErrors (0ms)
				InitializePlatformSupportModulesInManaged (11ms)
				SetLoadedEditorAssemblies (0ms)
				RefreshPlugins (1ms)
				BeforeProcessingInitializeOnLoad (60ms)
				ProcessInitializeOnLoadAttributes (243ms)
				ProcessInitializeOnLoadMethodAttributes (23ms)
				AfterProcessingInitializeOnLoad (3ms)
				EditorAssembliesLoaded (0ms)
			ExecutionOrderSort2 (0ms)
			AwakeInstancesAfterBackupRestoration (7ms)
Platform modules already initialized, skipping
Shader 'Custom/RainShader': fallback shader 'Particles/Alpha Blended' not found
Refreshing native plugins compatible for Editor in 1.43 ms, found 3 plugins.
Preloading 0 native plugins for Editor in 0.00 ms.
Unloading 3702 Unused Serialized files (Serialized files now loaded: 0)
Unloading 23 unused Assets / (405.0 KB). Loaded Objects now: 4250.
Memory consumption went from 231.5 MB to 231.1 MB.
Total: 4.092900 ms (FindLiveObjects: 0.425300 ms CreateObjectMapping: 0.102100 ms MarkObjects: 3.317900 ms  DeleteObjects: 0.246000 ms)

AssetImportParameters requested are different than current active one (requested -> active):
  custom:video-decoder-ogg-theora: a1e56fd34408186e4bbccfd4996cb3dc -> 
  custom:container-muxer-webm: aa71ff27fc2769a1b78a27578f13a17b -> 
  custom:container-demuxer-webm: 4f35f7cbe854078d1ac9338744f61a02 -> 
  custom:video-encoder-webm-vp8: eb34c28f22e8b96e1ab97ce403110664 -> 
  custom:audio-encoder-webm-vorbis: bf7c407c2cedff20999df2af8eb42d56 -> 
  custom:framework-win-MediaFoundation: 216162199b28c13a410421893ffa2e32 -> 
  custom:container-demuxer-ogg: 62fdf1f143b41e24485cea50d1cbac27 -> 
  custom:video-decoder-webm-vp8: 9c59270c3fd7afecdb556c50c9e8de78 -> 
  custom:audio-decoder-ogg-vorbis: bf7c407c2cedff20999df2af8eb42d56 -> 
========================================================================
Received Prepare
Registering precompiled user dll's ...
Registered in 0.005686 seconds.
Begin MonoManager ReloadAssembly
Symbol file LoadedFromMemory doesn't match image D:\Zombie Game\Library\PackageCache\com.unity.visualscripting@1.7.5\Editor\VisualScripting.Core\Dependencies\YamlDotNet\Unity.VisualScripting.YamlDotNet.dll
Symbol file LoadedFromMemory doesn't match image D:\Zombie Game\Library\PackageCache\com.unity.visualscripting@1.7.5\Editor\VisualScripting.Core\Dependencies\DotNetZip\Unity.VisualScripting.IonicZip.dll
Native extension for WindowsStandalone target not found
Refreshing native plugins compatible for Editor in 1.07 ms, found 3 plugins.
Preloading 0 native plugins for Editor in 0.00 ms.
Mono: successfully reloaded assembly
- Completed reload, in  0.934 seconds
Domain Reload Profiling:
	ReloadAssembly (934ms)
		BeginReloadAssembly (140ms)
			ExecutionOrderSort (0ms)
			DisableScriptedObjects (6ms)
			BackupInstance (0ms)
			ReleaseScriptingObjects (0ms)
			CreateAndSetChildDomain (33ms)
		EndReloadAssembly (701ms)
			LoadAssemblies (93ms)
			RebuildTransferFunctionScriptingTraits (0ms)
			SetupTypeCache (224ms)
			ReleaseScriptCaches (1ms)
			RebuildScriptCaches (37ms)
			SetupLoadedEditorAssemblies (324ms)
				LogAssemblyErrors (0ms)
				InitializePlatformSupportModulesInManaged (11ms)
				SetLoadedEditorAssemblies (0ms)
				RefreshPlugins (1ms)
				BeforeProcessingInitializeOnLoad (61ms)
				ProcessInitializeOnLoadAttributes (225ms)
				ProcessInitializeOnLoadMethodAttributes (22ms)
				AfterProcessingInitializeOnLoad (3ms)
				EditorAssembliesLoaded (0ms)
			ExecutionOrderSort2 (0ms)
			AwakeInstancesAfterBackupRestoration (5ms)
Platform modules already initialized, skipping
Shader 'Custom/RainShader': fallback shader 'Particles/Alpha Blended' not found
Refreshing native plugins compatible for Editor in 1.17 ms, found 3 plugins.
Preloading 0 native plugins for Editor in 0.00 ms.
Unloading 3702 Unused Serialized files (Serialized files now loaded: 0)
Unloading 23 unused Assets / (428.9 KB). Loaded Objects now: 4252.
Memory consumption went from 231.5 MB to 231.1 MB.
Total: 3.457900 ms (FindLiveObjects: 0.378500 ms CreateObjectMapping: 0.111800 ms MarkObjects: 2.714300 ms  DeleteObjects: 0.252100 ms)

AssetImportParameters requested are different than current active one (requested -> active):
  custom:video-decoder-ogg-theora: a1e56fd34408186e4bbccfd4996cb3dc -> 
  custom:container-muxer-webm: aa71ff27fc2769a1b78a27578f13a17b -> 
  custom:container-demuxer-webm: 4f35f7cbe854078d1ac9338744f61a02 -> 
  custom:video-encoder-webm-vp8: eb34c28f22e8b96e1ab97ce403110664 -> 
  custom:audio-encoder-webm-vorbis: bf7c407c2cedff20999df2af8eb42d56 -> 
  custom:framework-win-MediaFoundation: 216162199b28c13a410421893ffa2e32 -> 
  custom:container-demuxer-ogg: 62fdf1f143b41e24485cea50d1cbac27 -> 
  custom:video-decoder-webm-vp8: 9c59270c3fd7afecdb556c50c9e8de78 -> 
  custom:audio-decoder-ogg-vorbis: bf7c407c2cedff20999df2af8eb42d56 -> 
========================================================================
Received Import Request.
  Time since last request: 875.205736 seconds.
  path: Assets/Bar.png
  artifactKey: Guid(ccbbe6da2b89db44584c7e46e35eef93) Importer(815301076,1909f56bfc062723c751e8b465ee728b)
Start importing Assets/Bar.png using Guid(ccbbe6da2b89db44584c7e46e35eef93) Importer(815301076,1909f56bfc062723c751e8b465ee728b)  -> (artifact id: '44c46a487367c6497b3c094a4449d6b2') in 0.097028 seconds 
========================================================================
Received Import Request.
  Time since last request: 128.084781 seconds.
  path: Assets/Bar 1.png
  artifactKey: Guid(1750a686cf43d4546bb0df747aef0cac) Importer(815301076,1909f56bfc062723c751e8b465ee728b)
Start importing Assets/Bar 1.png using Guid(1750a686cf43d4546bb0df747aef0cac) Importer(815301076,1909f56bfc062723c751e8b465ee728b)  -> (artifact id: '130b8fe3ab6d501303b42d6c2631d516') in 0.016580 seconds 
========================================================================
Received Import Request.
  Time since last request: 20.307575 seconds.
  path: Assets/Bar 1.png
  artifactKey: Guid(1750a686cf43d4546bb0df747aef0cac) Importer(815301076,1909f56bfc062723c751e8b465ee728b)
Start importing Assets/Bar 1.png using Guid(1750a686cf43d4546bb0df747aef0cac) Importer(815301076,1909f56bfc062723c751e8b465ee728b)  -> (artifact id: '115030c9f2fdb642b0c207d3a2c5641b') in 0.079461 seconds 
========================================================================
Received Import Request.
  Time since last request: 8.461257 seconds.
  path: Assets/Heart.png
  artifactKey: Guid(27397893eb3909449977f35f5666dcf1) Importer(815301076,1909f56bfc062723c751e8b465ee728b)
Start importing Assets/Heart.png using Guid(27397893eb3909449977f35f5666dcf1) Importer(815301076,1909f56bfc062723c751e8b465ee728b)  -> (artifact id: '446a2127115892756cab083126ea89bf') in 0.017541 seconds 
========================================================================
Received Prepare
Registering precompiled user dll's ...
Registered in 0.004402 seconds.
Begin MonoManager ReloadAssembly
Symbol file LoadedFromMemory doesn't match image D:\Zombie Game\Library\PackageCache\com.unity.visualscripting@1.7.5\Editor\VisualScripting.Core\Dependencies\YamlDotNet\Unity.VisualScripting.YamlDotNet.dll
Symbol file LoadedFromMemory doesn't match image D:\Zombie Game\Library\PackageCache\com.unity.visualscripting@1.7.5\Editor\VisualScripting.Core\Dependencies\DotNetZip\Unity.VisualScripting.IonicZip.dll
Native extension for WindowsStandalone target not found
Refreshing native plugins compatible for Editor in 0.90 ms, found 3 plugins.
Preloading 0 native plugins for Editor in 0.00 ms.
Mono: successfully reloaded assembly
- Completed reload, in  1.007 seconds
Domain Reload Profiling:
	ReloadAssembly (1008ms)
		BeginReloadAssembly (154ms)
			ExecutionOrderSort (0ms)
			DisableScriptedObjects (6ms)
			BackupInstance (0ms)
			ReleaseScriptingObjects (0ms)
			CreateAndSetChildDomain (38ms)
		EndReloadAssembly (758ms)
			LoadAssemblies (98ms)
			RebuildTransferFunctionScriptingTraits (0ms)
			SetupTypeCache (254ms)
			ReleaseScriptCaches (1ms)
			RebuildScriptCaches (40ms)
			SetupLoadedEditorAssemblies (329ms)
				LogAssemblyErrors (0ms)
				InitializePlatformSupportModulesInManaged (11ms)
				SetLoadedEditorAssemblies (0ms)
				RefreshPlugins (1ms)
				BeforeProcessingInitializeOnLoad (60ms)
				ProcessInitializeOnLoadAttributes (230ms)
				ProcessInitializeOnLoadMethodAttributes (25ms)
				AfterProcessingInitializeOnLoad (2ms)
				EditorAssembliesLoaded (0ms)
			ExecutionOrderSort2 (0ms)
			AwakeInstancesAfterBackupRestoration (13ms)
Platform modules already initialized, skipping
Shader 'Custom/RainShader': fallback shader 'Particles/Alpha Blended' not found
Refreshing native plugins compatible for Editor in 1.24 ms, found 3 plugins.
Preloading 0 native plugins for Editor in 0.00 ms.
Unloading 3705 Unused Serialized files (Serialized files now loaded: 0)
Unloading 23 unused Assets / (428.9 KB). Loaded Objects now: 4319.
Memory consumption went from 233.2 MB to 232.8 MB.
Total: 3.759800 ms (FindLiveObjects: 0.429600 ms CreateObjectMapping: 0.113800 ms MarkObjects: 2.948500 ms  DeleteObjects: 0.266100 ms)

AssetImportParameters requested are different than current active one (requested -> active):
  custom:video-decoder-ogg-theora: a1e56fd34408186e4bbccfd4996cb3dc -> 
  custom:container-muxer-webm: aa71ff27fc2769a1b78a27578f13a17b -> 
  custom:container-demuxer-webm: 4f35f7cbe854078d1ac9338744f61a02 -> 
  custom:video-encoder-webm-vp8: eb34c28f22e8b96e1ab97ce403110664 -> 
  custom:audio-encoder-webm-vorbis: bf7c407c2cedff20999df2af8eb42d56 -> 
  custom:framework-win-MediaFoundation: 216162199b28c13a410421893ffa2e32 -> 
  custom:container-demuxer-ogg: 62fdf1f143b41e24485cea50d1cbac27 -> 
  custom:video-decoder-webm-vp8: 9c59270c3fd7afecdb556c50c9e8de78 -> 
  custom:audio-decoder-ogg-vorbis: bf7c407c2cedff20999df2af8eb42d56 -> 
========================================================================
Received Import Request.
  Time since last request: 503.617858 seconds.
  path: Assets/Beautiful Progress Bar Free - CYKO
  artifactKey: Guid(28139fdcd21cffb4b8ed55b6508ae744) Importer(815301076,1909f56bfc062723c751e8b465ee728b)
Start importing Assets/Beautiful Progress Bar Free - CYKO using Guid(28139fdcd21cffb4b8ed55b6508ae744) Importer(815301076,1909f56bfc062723c751e8b465ee728b)  -> (artifact id: 'cf8a9fee4648cbfac8392dbce33283db') in 0.013698 seconds 
========================================================================
Received Import Request.
  Time since last request: 2.616011 seconds.
  path: Assets/Beautiful Progress Bar Free - CYKO/Beautiful Progress Bar Free Docs v1.0.pdf
  artifactKey: Guid(5daa7911f7e884f04be16e7dba226cb6) Importer(815301076,1909f56bfc062723c751e8b465ee728b)
Start importing Assets/Beautiful Progress Bar Free - CYKO/Beautiful Progress Bar Free Docs v1.0.pdf using Guid(5daa7911f7e884f04be16e7dba226cb6) Importer(815301076,1909f56bfc062723c751e8b465ee728b)  -> (artifact id: '213367210dc47492ab366dae7c4f82e6') in 0.022288 seconds 
========================================================================
Received Import Request.
  Time since last request: 11.250825 seconds.
  path: Assets/Beautiful Progress Bar Free - CYKO/Scenes
  artifactKey: Guid(2c8efd9d0f2654d18a296adf90722a7f) Importer(815301076,1909f56bfc062723c751e8b465ee728b)
Start importing Assets/Beautiful Progress Bar Free - CYKO/Scenes using Guid(2c8efd9d0f2654d18a296adf90722a7f) Importer(815301076,1909f56bfc062723c751e8b465ee728b)  -> (artifact id: 'affd1dddbd42de5ca01cba610ab87887') in 0.017946 seconds 
========================================================================
Received Import Request.
  Time since last request: 3.466163 seconds.
  path: Assets/Beautiful Progress Bar Free - CYKO/Prefabs
  artifactKey: Guid(6efbf95f7a6494cce910347e6da4650e) Importer(815301076,1909f56bfc062723c751e8b465ee728b)
Start importing Assets/Beautiful Progress Bar Free - CYKO/Prefabs using Guid(6efbf95f7a6494cce910347e6da4650e) Importer(815301076,1909f56bfc062723c751e8b465ee728b)  -> (artifact id: '0b88de0027ee963404a023c6ccb14c80') in 0.021022 seconds 
========================================================================
Received Import Request.
  Time since last request: 0.000034 seconds.
  path: Assets/Beautiful Progress Bar Free - CYKO/Prefabs/Slider (13).prefab
  artifactKey: Guid(e9553d99c3b9743a893fa15d453fd58a) Importer(815301076,1909f56bfc062723c751e8b465ee728b)
Start importing Assets/Beautiful Progress Bar Free - CYKO/Prefabs/Slider (13).prefab using Guid(e9553d99c3b9743a893fa15d453fd58a) Importer(815301076,1909f56bfc062723c751e8b465ee728b)  -> (artifact id: 'ab525e6b4f5d48f48c58486832fcd709') in 0.035404 seconds 
========================================================================
Received Import Request.
  Time since last request: 0.000028 seconds.
  path: Assets/Beautiful Progress Bar Free - CYKO/Prefabs/Slider (16).prefab
  artifactKey: Guid(1ea32bcdaed9f4e4cb3ff01aa06220a1) Importer(815301076,1909f56bfc062723c751e8b465ee728b)
Start importing Assets/Beautiful Progress Bar Free - CYKO/Prefabs/Slider (16).prefab using Guid(1ea32bcdaed9f4e4cb3ff01aa06220a1) Importer(815301076,1909f56bfc062723c751e8b465ee728b)  -> (artifact id: '0e0785f54f19cfab56653e0468ba9503') in 0.015524 seconds 
========================================================================
Received Import Request.
  Time since last request: 0.000022 seconds.
  path: Assets/Beautiful Progress Bar Free - CYKO/Prefabs/Slider (14).prefab
  artifactKey: Guid(59a992226806f4041a8340b4f6d01778) Importer(815301076,1909f56bfc062723c751e8b465ee728b)
Start importing Assets/Beautiful Progress Bar Free - CYKO/Prefabs/Slider (14).prefab using Guid(59a992226806f4041a8340b4f6d01778) Importer(815301076,1909f56bfc062723c751e8b465ee728b)  -> (artifact id: 'ef3f92c217dd93b64452f5970ad97fab') in 0.013545 seconds 
========================================================================
Received Import Request.
  Time since last request: 0.000026 seconds.
  path: Assets/Beautiful Progress Bar Free - CYKO/Prefabs/Slider (12).prefab
  artifactKey: Guid(fd6461173acbb49cf85b0db6898cd20e) Importer(815301076,1909f56bfc062723c751e8b465ee728b)
Start importing Assets/Beautiful Progress Bar Free - CYKO/Prefabs/Slider (12).prefab using Guid(fd6461173acbb49cf85b0db6898cd20e) Importer(815301076,1909f56bfc062723c751e8b465ee728b)  -> (artifact id: '12e21d32d2dd6f3de4494171979dc86d') in 0.013373 seconds 
========================================================================
Received Import Request.
  Time since last request: 0.000020 seconds.
  path: Assets/Beautiful Progress Bar Free - CYKO/Prefabs/Slider (18).prefab
  artifactKey: Guid(1b50ea756475040b9a303ba8dad91adb) Importer(815301076,1909f56bfc062723c751e8b465ee728b)
Start importing Assets/Beautiful Progress Bar Free - CYKO/Prefabs/Slider (18).prefab using Guid(1b50ea756475040b9a303ba8dad91adb) Importer(815301076,1909f56bfc062723c751e8b465ee728b)  -> (artifact id: '7123bf2d542b4532b74e6dbadea3f162') in 0.013008 seconds 
========================================================================
Received Import Request.
  Time since last request: 0.000027 seconds.
  path: Assets/Beautiful Progress Bar Free - CYKO/Prefabs/Slider (19).prefab
  artifactKey: Guid(4af51952504374a8185ef72ab7ebeef8) Importer(815301076,1909f56bfc062723c751e8b465ee728b)
Start importing Assets/Beautiful Progress Bar Free - CYKO/Prefabs/Slider (19).prefab using Guid(4af51952504374a8185ef72ab7ebeef8) Importer(815301076,1909f56bfc062723c751e8b465ee728b)  -> (artifact id: '9eb9f4b7142fcc522cc665216515f7bb') in 0.011924 seconds 
========================================================================
Received Import Request.
  Time since last request: 0.000020 seconds.
  path: Assets/Beautiful Progress Bar Free - CYKO/Prefabs/Slider (17).prefab
  artifactKey: Guid(b7e2b8af4741f445980f737e9cc64c61) Importer(815301076,1909f56bfc062723c751e8b465ee728b)
Start importing Assets/Beautiful Progress Bar Free - CYKO/Prefabs/Slider (17).prefab using Guid(b7e2b8af4741f445980f737e9cc64c61) Importer(815301076,1909f56bfc062723c751e8b465ee728b)  -> (artifact id: '4bbbd61bd93d337a0d161ba6a9526338') in 0.011996 seconds 
========================================================================
Received Import Request.
  Time since last request: 0.000024 seconds.
  path: Assets/Beautiful Progress Bar Free - CYKO/Prefabs/Slider (20).prefab
  artifactKey: Guid(ebf8756c6ba954b34bd32cb6c64e10dd) Importer(815301076,1909f56bfc062723c751e8b465ee728b)
Start importing Assets/Beautiful Progress Bar Free - CYKO/Prefabs/Slider (20).prefab using Guid(ebf8756c6ba954b34bd32cb6c64e10dd) Importer(815301076,1909f56bfc062723c751e8b465ee728b)  -> (artifact id: 'e17258d9a22a717b112824e279ac6c6c') in 0.012265 seconds 
========================================================================
Received Import Request.
  Time since last request: 0.000021 seconds.
  path: Assets/Beautiful Progress Bar Free - CYKO/Prefabs/Slider (6).prefab
  artifactKey: Guid(fb0d2e6e996204cf395b581fe483d3ce) Importer(815301076,1909f56bfc062723c751e8b465ee728b)
Start importing Assets/Beautiful Progress Bar Free - CYKO/Prefabs/Slider (6).prefab using Guid(fb0d2e6e996204cf395b581fe483d3ce) Importer(815301076,1909f56bfc062723c751e8b465ee728b)  -> (artifact id: '9fbc7d3395cd38010fee4f6df46e2d4e') in 0.015624 seconds 
========================================================================
Received Import Request.
  Time since last request: 0.000027 seconds.
  path: Assets/Beautiful Progress Bar Free - CYKO/Prefabs/Slider (4).prefab
  artifactKey: Guid(44cff23b033cf48e39f9e8f14b8324d1) Importer(815301076,1909f56bfc062723c751e8b465ee728b)
Start importing Assets/Beautiful Progress Bar Free - CYKO/Prefabs/Slider (4).prefab using Guid(44cff23b033cf48e39f9e8f14b8324d1) Importer(815301076,1909f56bfc062723c751e8b465ee728b)  -> (artifact id: '046214d91061254099bb1dd2f2c6e50e') in 0.015030 seconds 
========================================================================
Received Import Request.
  Time since last request: 0.000031 seconds.
  path: Assets/Beautiful Progress Bar Free - CYKO/Prefabs/Slider (5).prefab
  artifactKey: Guid(6c5cfbc9f429544e592e4fc33fa7ecd0) Importer(815301076,1909f56bfc062723c751e8b465ee728b)
Start importing Assets/Beautiful Progress Bar Free - CYKO/Prefabs/Slider (5).prefab using Guid(6c5cfbc9f429544e592e4fc33fa7ecd0) Importer(815301076,1909f56bfc062723c751e8b465ee728b)  -> (artifact id: '74cc392abb871c9ce6b36e4b70cfd4af') in 0.012318 seconds 
========================================================================
Received Import Request.
  Time since last request: 209.283249 seconds.
  path: Assets/Beautiful Progress Bar Free - CYKO/PROGRESS UI
  artifactKey: Guid(fcbf7a57e575944e8847f9ed5c5a5427) Importer(815301076,1909f56bfc062723c751e8b465ee728b)
Start importing Assets/Beautiful Progress Bar Free - CYKO/PROGRESS UI using Guid(fcbf7a57e575944e8847f9ed5c5a5427) Importer(815301076,1909f56bfc062723c751e8b465ee728b)  -> (artifact id: '5d91bdd6381476877a19b209ae9e589f') in 0.007355 seconds 
========================================================================
Received Import Request.
  Time since last request: 0.096034 seconds.
  path: Assets/Beautiful Progress Bar Free - CYKO/PROGRESS UI/bgArtboard 12.png
  artifactKey: Guid(269491d773faa4b78aa9c1d4c6a1a897) Importer(815301076,1909f56bfc062723c751e8b465ee728b)
Start importing Assets/Beautiful Progress Bar Free - CYKO/PROGRESS UI/bgArtboard 12.png using Guid(269491d773faa4b78aa9c1d4c6a1a897) Importer(815301076,1909f56bfc062723c751e8b465ee728b)  -> (artifact id: 'd116ffcca863d0dcd1e544af83db9c35') in 0.123683 seconds 
========================================================================
Received Import Request.
  Time since last request: 0.000022 seconds.
  path: Assets/Beautiful Progress Bar Free - CYKO/PROGRESS UI/bgArtboard 22.png
  artifactKey: Guid(11b5063e11cde4680a094a9bbca13383) Importer(815301076,1909f56bfc062723c751e8b465ee728b)
Start importing Assets/Beautiful Progress Bar Free - CYKO/PROGRESS UI/bgArtboard 22.png using Guid(11b5063e11cde4680a094a9bbca13383) Importer(815301076,1909f56bfc062723c751e8b465ee728b)  -> (artifact id: '51d2fd01fbac5ec4a3b89441bbbe68e7') in 0.023082 seconds 
========================================================================
Received Import Request.
  Time since last request: 0.000033 seconds.
  path: Assets/Beautiful Progress Bar Free - CYKO/PROGRESS UI/bgArtboard 27.png
  artifactKey: Guid(1ba37af43c4904ef19390e750cd57dda) Importer(815301076,1909f56bfc062723c751e8b465ee728b)
Start importing Assets/Beautiful Progress Bar Free - CYKO/PROGRESS UI/bgArtboard 27.png using Guid(1ba37af43c4904ef19390e750cd57dda) Importer(815301076,1909f56bfc062723c751e8b465ee728b)  -> (artifact id: '721ec034f3db74db841a5e4f9b302fcb') in 0.020213 seconds 
========================================================================
Received Import Request.
  Time since last request: 0.000026 seconds.
  path: Assets/Beautiful Progress Bar Free - CYKO/PROGRESS UI/bgArtboard 49.png
  artifactKey: Guid(c9df77896e4114340969950f5407c7cc) Importer(815301076,1909f56bfc062723c751e8b465ee728b)
Start importing Assets/Beautiful Progress Bar Free - CYKO/PROGRESS UI/bgArtboard 49.png using Guid(c9df77896e4114340969950f5407c7cc) Importer(815301076,1909f56bfc062723c751e8b465ee728b)  -> (artifact id: 'aa33e58b1104215fd6b343f20def84a1') in 0.019806 seconds 
========================================================================
Received Import Request.
  Time since last request: 0.000021 seconds.
  path: Assets/Beautiful Progress Bar Free - CYKO/PROGRESS UI/bgArtboard 20.png
  artifactKey: Guid(9a7c20816c5ab45cc9d51d2c91e69fd7) Importer(815301076,1909f56bfc062723c751e8b465ee728b)
Start importing Assets/Beautiful Progress Bar Free - CYKO/PROGRESS UI/bgArtboard 20.png using Guid(9a7c20816c5ab45cc9d51d2c91e69fd7) Importer(815301076,1909f56bfc062723c751e8b465ee728b)  -> (artifact id: 'bc186000f25a6a1f10ca63c2c4f7fb9d') in 0.023202 seconds 
========================================================================
Received Import Request.
  Time since last request: 0.000026 seconds.
  path: Assets/Beautiful Progress Bar Free - CYKO/PROGRESS UI/bgArtboard 18.png
  artifactKey: Guid(47c23340812b24864af395feca4c3a9d) Importer(815301076,1909f56bfc062723c751e8b465ee728b)
Start importing Assets/Beautiful Progress Bar Free - CYKO/PROGRESS UI/bgArtboard 18.png using Guid(47c23340812b24864af395feca4c3a9d) Importer(815301076,1909f56bfc062723c751e8b465ee728b)  -> (artifact id: '7544ab05daf01735e257e491e1c35402') in 0.022328 seconds 
========================================================================
Received Import Request.
  Time since last request: 0.000032 seconds.
  path: Assets/Beautiful Progress Bar Free - CYKO/PROGRESS UI/bgArtboard 53.png
  artifactKey: Guid(e6d4faad96fb94361b6ae09490fd01f3) Importer(815301076,1909f56bfc062723c751e8b465ee728b)
Start importing Assets/Beautiful Progress Bar Free - CYKO/PROGRESS UI/bgArtboard 53.png using Guid(e6d4faad96fb94361b6ae09490fd01f3) Importer(815301076,1909f56bfc062723c751e8b465ee728b)  -> (artifact id: '8f08d0356f2d20519c9692bd0f192273') in 0.023768 seconds 
========================================================================
Received Import Request.
  Time since last request: 0.000021 seconds.
  path: Assets/Beautiful Progress Bar Free - CYKO/PROGRESS UI/bgArtboard 40.png
  artifactKey: Guid(1908c45859d4044cc95a4a8dee62d532) Importer(815301076,1909f56bfc062723c751e8b465ee728b)
Start importing Assets/Beautiful Progress Bar Free - CYKO/PROGRESS UI/bgArtboard 40.png using Guid(1908c45859d4044cc95a4a8dee62d532) Importer(815301076,1909f56bfc062723c751e8b465ee728b)  -> (artifact id: 'cadc80e0646322b21d02d84f1f27c4dd') in 0.022332 seconds 
========================================================================
Received Import Request.
  Time since last request: 0.000024 seconds.
  path: Assets/Beautiful Progress Bar Free - CYKO/PROGRESS UI/bgArtboard 21.png
  artifactKey: Guid(b0dfaa4151f07448e8a666cb8109f323) Importer(815301076,1909f56bfc062723c751e8b465ee728b)
Start importing Assets/Beautiful Progress Bar Free - CYKO/PROGRESS UI/bgArtboard 21.png using Guid(b0dfaa4151f07448e8a666cb8109f323) Importer(815301076,1909f56bfc062723c751e8b465ee728b)  -> (artifact id: '155954815485d9327a640911bb616838') in 0.033441 seconds 
========================================================================
Received Import Request.
  Time since last request: 0.000020 seconds.
  path: Assets/Beautiful Progress Bar Free - CYKO/PROGRESS UI/bgArtboard 19.png
  artifactKey: Guid(621bab10a94aa402db2ed03ef602338e) Importer(815301076,1909f56bfc062723c751e8b465ee728b)
Start importing Assets/Beautiful Progress Bar Free - CYKO/PROGRESS UI/bgArtboard 19.png using Guid(621bab10a94aa402db2ed03ef602338e) Importer(815301076,1909f56bfc062723c751e8b465ee728b)  -> (artifact id: 'dd46a6a607d089d93459f5b85ee695d8') in 0.023298 seconds 
========================================================================
Received Import Request.
  Time since last request: 0.000024 seconds.
  path: Assets/Beautiful Progress Bar Free - CYKO/PROGRESS UI/bgArtboard 44.png
  artifactKey: Guid(80a171cbfd68547d5a2e2883e8e4298a) Importer(815301076,1909f56bfc062723c751e8b465ee728b)
Start importing Assets/Beautiful Progress Bar Free - CYKO/PROGRESS UI/bgArtboard 44.png using Guid(80a171cbfd68547d5a2e2883e8e4298a) Importer(815301076,1909f56bfc062723c751e8b465ee728b)  -> (artifact id: '158cf689dff280b1dbd3876aeac34ff7') in 0.020749 seconds 
========================================================================
Received Import Request.
  Time since last request: 0.000025 seconds.
  path: Assets/Beautiful Progress Bar Free - CYKO/PROGRESS UI/bgArtboard 33.png
  artifactKey: Guid(cc0b4b8834ee549f49b374ca8c5d7f15) Importer(815301076,1909f56bfc062723c751e8b465ee728b)
Start importing Assets/Beautiful Progress Bar Free - CYKO/PROGRESS UI/bgArtboard 33.png using Guid(cc0b4b8834ee549f49b374ca8c5d7f15) Importer(815301076,1909f56bfc062723c751e8b465ee728b)  -> (artifact id: '22d1de4f97719f2ecfa671b818a0669a') in 0.019289 seconds 
========================================================================
Received Import Request.
  Time since last request: 0.000021 seconds.
  path: Assets/Beautiful Progress Bar Free - CYKO/PROGRESS UI/bgArtboard 41.png
  artifactKey: Guid(54166cd4ebe844d89a6fbe1048dde221) Importer(815301076,1909f56bfc062723c751e8b465ee728b)
Start importing Assets/Beautiful Progress Bar Free - CYKO/PROGRESS UI/bgArtboard 41.png using Guid(54166cd4ebe844d89a6fbe1048dde221) Importer(815301076,1909f56bfc062723c751e8b465ee728b)  -> (artifact id: '1479ee369592806f3009cc8fdf66a79e') in 0.021003 seconds 
========================================================================
Received Import Request.
  Time since last request: 0.000020 seconds.
  path: Assets/Beautiful Progress Bar Free - CYKO/PROGRESS UI/bgArtboard 14.png
  artifactKey: Guid(bd822fe2366ff4c479740a6ea6329a95) Importer(815301076,1909f56bfc062723c751e8b465ee728b)
Start importing Assets/Beautiful Progress Bar Free - CYKO/PROGRESS UI/bgArtboard 14.png using Guid(bd822fe2366ff4c479740a6ea6329a95) Importer(815301076,1909f56bfc062723c751e8b465ee728b)  -> (artifact id: '6ba2b2cec2bf0311f8473e8c2fcde587') in 0.019985 seconds 
========================================================================
Received Import Request.
  Time since last request: 0.000023 seconds.
  path: Assets/Beautiful Progress Bar Free - CYKO/PROGRESS UI/bgArtboard 32.png
  artifactKey: Guid(ed36bd247342749da865b1fab6cd2650) Importer(815301076,1909f56bfc062723c751e8b465ee728b)
Start importing Assets/Beautiful Progress Bar Free - CYKO/PROGRESS UI/bgArtboard 32.png using Guid(ed36bd247342749da865b1fab6cd2650) Importer(815301076,1909f56bfc062723c751e8b465ee728b)  -> (artifact id: 'fdbbe0354895d69d3d2377a443b1000c') in 0.020597 seconds 
========================================================================
Received Import Request.
  Time since last request: 0.000022 seconds.
  path: Assets/Beautiful Progress Bar Free - CYKO/PROGRESS UI/bgArtboard 31.png
  artifactKey: Guid(ba339f00c0b6d4d8d9dd8f5304ea9eea) Importer(815301076,1909f56bfc062723c751e8b465ee728b)
Start importing Assets/Beautiful Progress Bar Free - CYKO/PROGRESS UI/bgArtboard 31.png using Guid(ba339f00c0b6d4d8d9dd8f5304ea9eea) Importer(815301076,1909f56bfc062723c751e8b465ee728b)  -> (artifact id: 'f8eb136cec0673b9a230c95e64303511') in 0.019609 seconds 
========================================================================
Received Import Request.
  Time since last request: 0.000036 seconds.
  path: Assets/Beautiful Progress Bar Free - CYKO/PROGRESS UI/bgArtboard 47.png
  artifactKey: Guid(9c6f9d49fa3ba4c60b5e69dc9a1a244d) Importer(815301076,1909f56bfc062723c751e8b465ee728b)
Start importing Assets/Beautiful Progress Bar Free - CYKO/PROGRESS UI/bgArtboard 47.png using Guid(9c6f9d49fa3ba4c60b5e69dc9a1a244d) Importer(815301076,1909f56bfc062723c751e8b465ee728b)  -> (artifact id: '774746489ad086d5d899ba8f29bb4c33') in 0.023952 seconds 
========================================================================
Received Import Request.
  Time since last request: 0.000023 seconds.
  path: Assets/Beautiful Progress Bar Free - CYKO/PROGRESS UI/bgArtboard 50.png
  artifactKey: Guid(2cf8a98f9c05b47df8819a7cb9acf209) Importer(815301076,1909f56bfc062723c751e8b465ee728b)
Start importing Assets/Beautiful Progress Bar Free - CYKO/PROGRESS UI/bgArtboard 50.png using Guid(2cf8a98f9c05b47df8819a7cb9acf209) Importer(815301076,1909f56bfc062723c751e8b465ee728b)  -> (artifact id: '6e1f938b2ceab314e2a32a49e7be5ea3') in 0.018998 seconds 
========================================================================
Received Import Request.
  Time since last request: 0.000021 seconds.
  path: Assets/Beautiful Progress Bar Free - CYKO/PROGRESS UI/bgArtboard 23.png
  artifactKey: Guid(b47fd4db63bf94c06b15f3f388675144) Importer(815301076,1909f56bfc062723c751e8b465ee728b)
Start importing Assets/Beautiful Progress Bar Free - CYKO/PROGRESS UI/bgArtboard 23.png using Guid(b47fd4db63bf94c06b15f3f388675144) Importer(815301076,1909f56bfc062723c751e8b465ee728b)  -> (artifact id: '9f6122cc08bfdfd9eb0ffd4c4bc30ebd') in 0.021186 seconds 
========================================================================
Received Import Request.
  Time since last request: 0.000022 seconds.
  path: Assets/Beautiful Progress Bar Free - CYKO/PROGRESS UI/bgArtboard 25.png
  artifactKey: Guid(4eb181a1475ba4975a040865b40948c2) Importer(815301076,1909f56bfc062723c751e8b465ee728b)
Start importing Assets/Beautiful Progress Bar Free - CYKO/PROGRESS UI/bgArtboard 25.png using Guid(4eb181a1475ba4975a040865b40948c2) Importer(815301076,1909f56bfc062723c751e8b465ee728b)  -> (artifact id: 'e69caeed500c6949a52387120a5fae94') in 0.020684 seconds 
========================================================================
Received Import Request.
  Time since last request: 0.000020 seconds.
  path: Assets/Beautiful Progress Bar Free - CYKO/PROGRESS UI/bgArtboard 48.png
  artifactKey: Guid(eeea7cc2ad5aa4700bccaf811790a8bc) Importer(815301076,1909f56bfc062723c751e8b465ee728b)
Start importing Assets/Beautiful Progress Bar Free - CYKO/PROGRESS UI/bgArtboard 48.png using Guid(eeea7cc2ad5aa4700bccaf811790a8bc) Importer(815301076,1909f56bfc062723c751e8b465ee728b)  -> (artifact id: '82a633a3339b26ca790f7af74b4b9c23') in 0.021491 seconds 
========================================================================
Received Prepare
Registering precompiled user dll's ...
Registered in 0.004709 seconds.
Begin MonoManager ReloadAssembly
Symbol file LoadedFromMemory doesn't match image D:\Zombie Game\Library\PackageCache\com.unity.visualscripting@1.7.5\Editor\VisualScripting.Core\Dependencies\YamlDotNet\Unity.VisualScripting.YamlDotNet.dll
Symbol file LoadedFromMemory doesn't match image D:\Zombie Game\Library\PackageCache\com.unity.visualscripting@1.7.5\Editor\VisualScripting.Core\Dependencies\DotNetZip\Unity.VisualScripting.IonicZip.dll
Native extension for WindowsStandalone target not found
Refreshing native plugins compatible for Editor in 1.40 ms, found 3 plugins.
Preloading 0 native plugins for Editor in 0.00 ms.
Mono: successfully reloaded assembly
- Completed reload, in  1.132 seconds
Domain Reload Profiling:
	ReloadAssembly (1133ms)
		BeginReloadAssembly (144ms)
			ExecutionOrderSort (0ms)
			DisableScriptedObjects (5ms)
			BackupInstance (0ms)
			ReleaseScriptingObjects (0ms)
			CreateAndSetChildDomain (36ms)
		EndReloadAssembly (888ms)
			LoadAssemblies (96ms)
			RebuildTransferFunctionScriptingTraits (0ms)
			SetupTypeCache (247ms)
			ReleaseScriptCaches (2ms)
			RebuildScriptCaches (50ms)
			SetupLoadedEditorAssemblies (408ms)
				LogAssemblyErrors (0ms)
				InitializePlatformSupportModulesInManaged (14ms)
				SetLoadedEditorAssemblies (0ms)
				RefreshPlugins (1ms)
				BeforeProcessingInitializeOnLoad (74ms)
				ProcessInitializeOnLoadAttributes (286ms)
				ProcessInitializeOnLoadMethodAttributes (30ms)
				AfterProcessingInitializeOnLoad (3ms)
				EditorAssembliesLoaded (0ms)
			ExecutionOrderSort2 (0ms)
			AwakeInstancesAfterBackupRestoration (20ms)
Platform modules already initialized, skipping
Shader 'Custom/RainShader': fallback shader 'Particles/Alpha Blended' not found
Refreshing native plugins compatible for Editor in 1.49 ms, found 3 plugins.
Preloading 0 native plugins for Editor in 0.00 ms.
Unloading 3724 Unused Serialized files (Serialized files now loaded: 0)
Unloading 24 unused Assets / (437.5 KB). Loaded Objects now: 4665.
Memory consumption went from 252.3 MB to 251.9 MB.
Total: 4.180900 ms (FindLiveObjects: 0.515100 ms CreateObjectMapping: 0.134800 ms MarkObjects: 3.183800 ms  DeleteObjects: 0.345900 ms)

AssetImportParameters requested are different than current active one (requested -> active):
  custom:video-decoder-ogg-theora: a1e56fd34408186e4bbccfd4996cb3dc -> 
  custom:container-muxer-webm: aa71ff27fc2769a1b78a27578f13a17b -> 
  custom:container-demuxer-webm: 4f35f7cbe854078d1ac9338744f61a02 -> 
  custom:video-encoder-webm-vp8: eb34c28f22e8b96e1ab97ce403110664 -> 
  custom:audio-encoder-webm-vorbis: bf7c407c2cedff20999df2af8eb42d56 -> 
  custom:framework-win-MediaFoundation: 216162199b28c13a410421893ffa2e32 -> 
  custom:container-demuxer-ogg: 62fdf1f143b41e24485cea50d1cbac27 -> 
  custom:video-decoder-webm-vp8: 9c59270c3fd7afecdb556c50c9e8de78 -> 
  custom:audio-decoder-ogg-vorbis: bf7c407c2cedff20999df2af8eb42d56 -> 
========================================================================
Received Prepare
Registering precompiled user dll's ...
Registered in 0.005066 seconds.
Begin MonoManager ReloadAssembly
Symbol file LoadedFromMemory doesn't match image D:\Zombie Game\Library\PackageCache\com.unity.visualscripting@1.7.5\Editor\VisualScripting.Core\Dependencies\YamlDotNet\Unity.VisualScripting.YamlDotNet.dll
Symbol file LoadedFromMemory doesn't match image D:\Zombie Game\Library\PackageCache\com.unity.visualscripting@1.7.5\Editor\VisualScripting.Core\Dependencies\DotNetZip\Unity.VisualScripting.IonicZip.dll
Native extension for WindowsStandalone target not found
Refreshing native plugins compatible for Editor in 1.46 ms, found 3 plugins.
Preloading 0 native plugins for Editor in 0.00 ms.
Mono: successfully reloaded assembly
- Completed reload, in  1.166 seconds
Domain Reload Profiling:
	ReloadAssembly (1167ms)
		BeginReloadAssembly (156ms)
			ExecutionOrderSort (0ms)
			DisableScriptedObjects (8ms)
			BackupInstance (0ms)
			ReleaseScriptingObjects (0ms)
			CreateAndSetChildDomain (35ms)
		EndReloadAssembly (920ms)
			LoadAssemblies (94ms)
			RebuildTransferFunctionScriptingTraits (0ms)
			SetupTypeCache (278ms)
			ReleaseScriptCaches (2ms)
			RebuildScriptCaches (48ms)
			SetupLoadedEditorAssemblies (438ms)
				LogAssemblyErrors (0ms)
				InitializePlatformSupportModulesInManaged (15ms)
				SetLoadedEditorAssemblies (1ms)
				RefreshPlugins (2ms)
				BeforeProcessingInitializeOnLoad (84ms)
				ProcessInitializeOnLoadAttributes (305ms)
				ProcessInitializeOnLoadMethodAttributes (29ms)
				AfterProcessingInitializeOnLoad (2ms)
				EditorAssembliesLoaded (0ms)
			ExecutionOrderSort2 (0ms)
			AwakeInstancesAfterBackupRestoration (18ms)
Platform modules already initialized, skipping
Shader 'Custom/RainShader': fallback shader 'Particles/Alpha Blended' not found
Refreshing native plugins compatible for Editor in 1.16 ms, found 3 plugins.
Preloading 0 native plugins for Editor in 0.00 ms.
Unloading 3703 Unused Serialized files (Serialized files now loaded: 0)
Unloading 23 unused Assets / (405.3 KB). Loaded Objects now: 4667.
Memory consumption went from 251.4 MB to 251.0 MB.
Total: 4.699000 ms (FindLiveObjects: 0.610600 ms CreateObjectMapping: 0.155600 ms MarkObjects: 3.498200 ms  DeleteObjects: 0.433200 ms)

AssetImportParameters requested are different than current active one (requested -> active):
  custom:video-decoder-ogg-theora: a1e56fd34408186e4bbccfd4996cb3dc -> 
  custom:container-muxer-webm: aa71ff27fc2769a1b78a27578f13a17b -> 
  custom:container-demuxer-webm: 4f35f7cbe854078d1ac9338744f61a02 -> 
  custom:video-encoder-webm-vp8: eb34c28f22e8b96e1ab97ce403110664 -> 
  custom:audio-encoder-webm-vorbis: bf7c407c2cedff20999df2af8eb42d56 -> 
  custom:framework-win-MediaFoundation: 216162199b28c13a410421893ffa2e32 -> 
  custom:container-demuxer-ogg: 62fdf1f143b41e24485cea50d1cbac27 -> 
  custom:video-decoder-webm-vp8: 9c59270c3fd7afecdb556c50c9e8de78 -> 
  custom:audio-decoder-ogg-vorbis: bf7c407c2cedff20999df2af8eb42d56 -> 
========================================================================
Received Prepare
Registering precompiled user dll's ...
Registered in 0.004407 seconds.
Begin MonoManager ReloadAssembly
Symbol file LoadedFromMemory doesn't match image D:\Zombie Game\Library\PackageCache\com.unity.visualscripting@1.7.5\Editor\VisualScripting.Core\Dependencies\YamlDotNet\Unity.VisualScripting.YamlDotNet.dll
Symbol file LoadedFromMemory doesn't match image D:\Zombie Game\Library\PackageCache\com.unity.visualscripting@1.7.5\Editor\VisualScripting.Core\Dependencies\DotNetZip\Unity.VisualScripting.IonicZip.dll
Native extension for WindowsStandalone target not found
Refreshing native plugins compatible for Editor in 1.24 ms, found 3 plugins.
Preloading 0 native plugins for Editor in 0.00 ms.
Mono: successfully reloaded assembly
- Completed reload, in  1.066 seconds
Domain Reload Profiling:
	ReloadAssembly (1066ms)
		BeginReloadAssembly (144ms)
			ExecutionOrderSort (0ms)
			DisableScriptedObjects (9ms)
			BackupInstance (0ms)
			ReleaseScriptingObjects (0ms)
			CreateAndSetChildDomain (32ms)
		EndReloadAssembly (830ms)
			LoadAssemblies (99ms)
			RebuildTransferFunctionScriptingTraits (0ms)
			SetupTypeCache (223ms)
			ReleaseScriptCaches (1ms)
			RebuildScriptCaches (40ms)
			SetupLoadedEditorAssemblies (421ms)
				LogAssemblyErrors (0ms)
				InitializePlatformSupportModulesInManaged (14ms)
				SetLoadedEditorAssemblies (1ms)
				RefreshPlugins (1ms)
				BeforeProcessingInitializeOnLoad (71ms)
				ProcessInitializeOnLoadAttributes (304ms)
				ProcessInitializeOnLoadMethodAttributes (28ms)
				AfterProcessingInitializeOnLoad (3ms)
				EditorAssembliesLoaded (0ms)
			ExecutionOrderSort2 (0ms)
			AwakeInstancesAfterBackupRestoration (19ms)
Platform modules already initialized, skipping
Shader 'Custom/RainShader': fallback shader 'Particles/Alpha Blended' not found
Refreshing native plugins compatible for Editor in 1.20 ms, found 3 plugins.
Preloading 0 native plugins for Editor in 0.00 ms.
Unloading 3703 Unused Serialized files (Serialized files now loaded: 0)
Unloading 23 unused Assets / (428.7 KB). Loaded Objects now: 4669.
Memory consumption went from 251.4 MB to 251.0 MB.
Total: 4.129700 ms (FindLiveObjects: 0.406500 ms CreateObjectMapping: 0.127200 ms MarkObjects: 3.263200 ms  DeleteObjects: 0.331900 ms)

AssetImportParameters requested are different than current active one (requested -> active):
  custom:video-decoder-ogg-theora: a1e56fd34408186e4bbccfd4996cb3dc -> 
  custom:container-muxer-webm: aa71ff27fc2769a1b78a27578f13a17b -> 
  custom:container-demuxer-webm: 4f35f7cbe854078d1ac9338744f61a02 -> 
  custom:video-encoder-webm-vp8: eb34c28f22e8b96e1ab97ce403110664 -> 
  custom:audio-encoder-webm-vorbis: bf7c407c2cedff20999df2af8eb42d56 -> 
  custom:framework-win-MediaFoundation: 216162199b28c13a410421893ffa2e32 -> 
  custom:container-demuxer-ogg: 62fdf1f143b41e24485cea50d1cbac27 -> 
  custom:video-decoder-webm-vp8: 9c59270c3fd7afecdb556c50c9e8de78 -> 
  custom:audio-decoder-ogg-vorbis: bf7c407c2cedff20999df2af8eb42d56 -> 
========================================================================
Received Prepare
Registering precompiled user dll's ...
Registered in 0.004684 seconds.
Begin MonoManager ReloadAssembly
Symbol file LoadedFromMemory doesn't match image D:\Zombie Game\Library\PackageCache\com.unity.visualscripting@1.7.5\Editor\VisualScripting.Core\Dependencies\YamlDotNet\Unity.VisualScripting.YamlDotNet.dll
Symbol file LoadedFromMemory doesn't match image D:\Zombie Game\Library\PackageCache\com.unity.visualscripting@1.7.5\Editor\VisualScripting.Core\Dependencies\DotNetZip\Unity.VisualScripting.IonicZip.dll
Native extension for WindowsStandalone target not found
Refreshing native plugins compatible for Editor in 0.83 ms, found 3 plugins.
Preloading 0 native plugins for Editor in 0.00 ms.
Mono: successfully reloaded assembly
- Completed reload, in  0.940 seconds
Domain Reload Profiling:
	ReloadAssembly (940ms)
		BeginReloadAssembly (147ms)
			ExecutionOrderSort (0ms)
			DisableScriptedObjects (9ms)
			BackupInstance (0ms)
			ReleaseScriptingObjects (0ms)
			CreateAndSetChildDomain (34ms)
		EndReloadAssembly (702ms)
			LoadAssemblies (92ms)
			RebuildTransferFunctionScriptingTraits (0ms)
			SetupTypeCache (216ms)
			ReleaseScriptCaches (1ms)
			RebuildScriptCaches (38ms)
			SetupLoadedEditorAssemblies (323ms)
				LogAssemblyErrors (0ms)
				InitializePlatformSupportModulesInManaged (11ms)
				SetLoadedEditorAssemblies (0ms)
				RefreshPlugins (1ms)
				BeforeProcessingInitializeOnLoad (56ms)
				ProcessInitializeOnLoadAttributes (225ms)
				ProcessInitializeOnLoadMethodAttributes (26ms)
				AfterProcessingInitializeOnLoad (3ms)
				EditorAssembliesLoaded (0ms)
			ExecutionOrderSort2 (0ms)
			AwakeInstancesAfterBackupRestoration (15ms)
Platform modules already initialized, skipping
Shader 'Custom/RainShader': fallback shader 'Particles/Alpha Blended' not found
Refreshing native plugins compatible for Editor in 1.00 ms, found 3 plugins.
Preloading 0 native plugins for Editor in 0.00 ms.
Unloading 3629 Unused Serialized files (Serialized files now loaded: 0)
Unloading 74 unused Assets / (405.3 KB). Loaded Objects now: 4620.
Memory consumption went from 249.8 MB to 249.4 MB.
Total: 3.583400 ms (FindLiveObjects: 0.373800 ms CreateObjectMapping: 0.101100 ms MarkObjects: 2.820200 ms  DeleteObjects: 0.287300 ms)

AssetImportParameters requested are different than current active one (requested -> active):
  custom:video-decoder-ogg-theora: a1e56fd34408186e4bbccfd4996cb3dc -> 
  custom:container-muxer-webm: aa71ff27fc2769a1b78a27578f13a17b -> 
  custom:container-demuxer-webm: 4f35f7cbe854078d1ac9338744f61a02 -> 
  custom:video-encoder-webm-vp8: eb34c28f22e8b96e1ab97ce403110664 -> 
  custom:audio-encoder-webm-vorbis: bf7c407c2cedff20999df2af8eb42d56 -> 
  custom:framework-win-MediaFoundation: 216162199b28c13a410421893ffa2e32 -> 
  custom:container-demuxer-ogg: 62fdf1f143b41e24485cea50d1cbac27 -> 
  custom:video-decoder-webm-vp8: 9c59270c3fd7afecdb556c50c9e8de78 -> 
  custom:audio-decoder-ogg-vorbis: bf7c407c2cedff20999df2af8eb42d56 -> 
========================================================================
Received Import Request.
  Time since last request: 4896.318359 seconds.
  path: Assets/Upgrade/UpgradeMag.mat
  artifactKey: Guid(f44550cfc3aeed84ab22397d5fb33fce) Importer(815301076,1909f56bfc062723c751e8b465ee728b)
Start importing Assets/Upgrade/UpgradeMag.mat using Guid(f44550cfc3aeed84ab22397d5fb33fce) Importer(815301076,1909f56bfc062723c751e8b465ee728b)  -> (artifact id: '416062a8d6d743004eb69ddb474d6913') in 0.145626 seconds 
========================================================================
Received Import Request.
  Time since last request: 0.000034 seconds.
  path: Assets/Upgrade/UpgradeRange.mat
  artifactKey: Guid(e11596e37c03f8a4a8823e37af86cb55) Importer(815301076,1909f56bfc062723c751e8b465ee728b)
Start importing Assets/Upgrade/UpgradeRange.mat using Guid(e11596e37c03f8a4a8823e37af86cb55) Importer(815301076,1909f56bfc062723c751e8b465ee728b)  -> (artifact id: '826185de0be394678a617ca3f4be4e64') in 0.012904 seconds 
========================================================================
Received Import Request.
  Time since last request: 0.000042 seconds.
  path: Assets/Upgrade/UpgradeSteady.mat
  artifactKey: Guid(6751b708ad04c10498a57b9cefba0777) Importer(815301076,1909f56bfc062723c751e8b465ee728b)
Start importing Assets/Upgrade/UpgradeSteady.mat using Guid(6751b708ad04c10498a57b9cefba0777) Importer(815301076,1909f56bfc062723c751e8b465ee728b)  -> (artifact id: '030dcd05a09e326050149f45654fc5b6') in 0.011802 seconds 
========================================================================
Received Import Request.
  Time since last request: 0.000029 seconds.
  path: Assets/Upgrade/UpgradeReload.mat
  artifactKey: Guid(9117d5dd57e7a2344bf7d5abef69657a) Importer(815301076,1909f56bfc062723c751e8b465ee728b)
Start importing Assets/Upgrade/UpgradeReload.mat using Guid(9117d5dd57e7a2344bf7d5abef69657a) Importer(815301076,1909f56bfc062723c751e8b465ee728b)  -> (artifact id: 'e6ce3e9717936158ef58361dac4e14a1') in 0.011434 seconds 
Editor requested this worker to shutdown with reason: Scaling down because of idle timeout
AssetImportWorker is now disconnected from the server
Process exiting
Exiting without the bug reporter. Application will terminate with return code 0