Using pre-set license
Built from '2021.2/staging' branch; Version is '2021.2.6f1 (8c4e826ba445) revision 9195138'; Using compiler version '192829333'; Build Type 'Release'
OS: 'Windows 11  (10.0.22000) 64bit Professional' Language: 'en' Physical Memory: 16332 MB
BatchMode: 1, IsHumanControllingUs: 0, StartBugReporterOnCrash: 0, Is64bit: 1, IsPro: 0

COMMAND LINE ARGUMENTS:
D:\Unity 2021.2.6f1\Editor\Unity.exe
-adb2
-batchMode
-noUpm
-name
AssetImportWorker0
-projectPath
D:/GitHub/zombie-game/Zombie Game
-logFile
Logs/AssetImportWorker0.log
-srvPort
60813
Successfully changed project path to: D:/GitHub/zombie-game/Zombie Game
D:/GitHub/zombie-game/Zombie Game
[UnityMemory] Configuration Parameters - Can be set up in boot.config
    "memorysetup-bucket-allocator-granularity=16"
    "memorysetup-bucket-allocator-bucket-count=8"
    "memorysetup-bucket-allocator-block-size=33554432"
    "memorysetup-bucket-allocator-block-count=8"
    "memorysetup-main-allocator-block-size=16777216"
    "memorysetup-thread-allocator-block-size=16777216"
    "memorysetup-gfx-main-allocator-block-size=16777216"
    "memorysetup-gfx-thread-allocator-block-size=16777216"
    "memorysetup-cache-allocator-block-size=4194304"
    "memorysetup-typetree-allocator-block-size=2097152"
    "memorysetup-profiler-bucket-allocator-granularity=16"
    "memorysetup-profiler-bucket-allocator-bucket-count=8"
    "memorysetup-profiler-bucket-allocator-block-size=33554432"
    "memorysetup-profiler-bucket-allocator-block-count=8"
    "memorysetup-profiler-allocator-block-size=16777216"
    "memorysetup-profiler-editor-allocator-block-size=1048576"
    "memorysetup-temp-allocator-size-main=16777216"
    "memorysetup-job-temp-allocator-block-size=2097152"
    "memorysetup-job-temp-allocator-block-size-background=1048576"
    "memorysetup-job-temp-allocator-reduction-small-platforms=262144"
    "memorysetup-temp-allocator-size-background-worker=32768"
    "memorysetup-temp-allocator-size-job-worker=262144"
    "memorysetup-temp-allocator-size-preload-manager=33554432"
    "memorysetup-temp-allocator-size-nav-mesh-worker=65536"
    "memorysetup-temp-allocator-size-audio-worker=65536"
    "memorysetup-temp-allocator-size-cloud-worker=32768"
    "memorysetup-temp-allocator-size-gi-baking-worker=262144"
    "memorysetup-temp-allocator-size-gfx=262144"
Refreshing native plugins compatible for Editor in 149.28 ms, found 3 plugins.
Preloading 0 native plugins for Editor in 0.00 ms.
Initialize engine version: 2021.2.6f1 (8c4e826ba445)
[Subsystems] Discovering subsystems at path D:/Unity 2021.2.6f1/Editor/Data/Resources/UnitySubsystems
[Subsystems] Discovering subsystems at path D:/GitHub/zombie-game/Zombie Game/Assets
GfxDevice: creating device client; threaded=0; jobified=0
Direct3D:
    Version:  Direct3D 11.0 [level 11.1]
    Renderer: NVIDIA GeForce GTX 1660 SUPER (ID=0x21c4)
    Vendor:   NVIDIA
    VRAM:     5992 MB
    Driver:   30.0.15.1123
Shader 'Custom/RainShader': fallback shader 'Particles/Alpha Blended' not found
Initialize mono
Mono path[0] = 'D:/Unity 2021.2.6f1/Editor/Data/Managed'
Mono path[1] = 'D:/Unity 2021.2.6f1/Editor/Data/MonoBleedingEdge/lib/mono/unityjit-win32'
Mono config path = 'D:/Unity 2021.2.6f1/Editor/Data/MonoBleedingEdge/etc'
Using monoOptions --debugger-agent=transport=dt_socket,embedding=1,server=y,suspend=n,address=127.0.0.1:56780
Begin MonoManager ReloadAssembly
Registering precompiled unity dll's ...
Register platform support module: D:/Unity 2021.2.6f1/Editor/Data/PlaybackEngines/WindowsStandaloneSupport/UnityEditor.WindowsStandalone.Extensions.dll
Registered in 0.001514 seconds.
Native extension for WindowsStandalone target not found
Refreshing native plugins compatible for Editor in 154.15 ms, found 3 plugins.
Preloading 0 native plugins for Editor in 0.00 ms.
Mono: successfully reloaded assembly
- Completed reload, in  0.708 seconds
Domain Reload Profiling:
	ReloadAssembly (709ms)
		BeginReloadAssembly (87ms)
			ExecutionOrderSort (0ms)
			DisableScriptedObjects (0ms)
			BackupInstance (0ms)
			ReleaseScriptingObjects (0ms)
			CreateAndSetChildDomain (1ms)
		EndReloadAssembly (548ms)
			LoadAssemblies (86ms)
			RebuildTransferFunctionScriptingTraits (0ms)
			SetupTypeCache (110ms)
			ReleaseScriptCaches (0ms)
			RebuildScriptCaches (30ms)
			SetupLoadedEditorAssemblies (350ms)
				LogAssemblyErrors (0ms)
				InitializePlatformSupportModulesInManaged (15ms)
				SetLoadedEditorAssemblies (0ms)
				RefreshPlugins (154ms)
				BeforeProcessingInitializeOnLoad (2ms)
				ProcessInitializeOnLoadAttributes (131ms)
				ProcessInitializeOnLoadMethodAttributes (47ms)
				AfterProcessingInitializeOnLoad (0ms)
				EditorAssembliesLoaded (0ms)
			ExecutionOrderSort2 (0ms)
			AwakeInstancesAfterBackupRestoration (0ms)
Platform modules already initialized, skipping
Registering precompiled user dll's ...
Registered in 0.005087 seconds.
Begin MonoManager ReloadAssembly
Symbol file LoadedFromMemory doesn't match image D:\GitHub\zombie-game\Zombie Game\Library\PackageCache\com.unity.visualscripting@1.7.5\Editor\VisualScripting.Core\Dependencies\YamlDotNet\Unity.VisualScripting.YamlDotNet.dll
Symbol file LoadedFromMemory doesn't match image D:\GitHub\zombie-game\Zombie Game\Library\PackageCache\com.unity.visualscripting@1.7.5\Editor\VisualScripting.Core\Dependencies\DotNetZip\Unity.VisualScripting.IonicZip.dll
Native extension for WindowsStandalone target not found
Refreshing native plugins compatible for Editor in 151.20 ms, found 3 plugins.
Preloading 0 native plugins for Editor in 0.00 ms.
Mono: successfully reloaded assembly
- Completed reload, in  1.304 seconds
Domain Reload Profiling:
	ReloadAssembly (1304ms)
		BeginReloadAssembly (127ms)
			ExecutionOrderSort (0ms)
			DisableScriptedObjects (6ms)
			BackupInstance (0ms)
			ReleaseScriptingObjects (0ms)
			CreateAndSetChildDomain (21ms)
		EndReloadAssembly (1064ms)
			LoadAssemblies (96ms)
			RebuildTransferFunctionScriptingTraits (0ms)
			SetupTypeCache (247ms)
			ReleaseScriptCaches (1ms)
			RebuildScriptCaches (65ms)
			SetupLoadedEditorAssemblies (628ms)
				LogAssemblyErrors (0ms)
				InitializePlatformSupportModulesInManaged (10ms)
				SetLoadedEditorAssemblies (0ms)
				RefreshPlugins (151ms)
				BeforeProcessingInitializeOnLoad (98ms)
				ProcessInitializeOnLoadAttributes (341ms)
				ProcessInitializeOnLoadMethodAttributes (25ms)
				AfterProcessingInitializeOnLoad (2ms)
				EditorAssembliesLoaded (0ms)
			ExecutionOrderSort2 (0ms)
			AwakeInstancesAfterBackupRestoration (6ms)
Platform modules already initialized, skipping
========================================================================
Worker process is ready to serve import requests
Shader 'Custom/RainShader': fallback shader 'Particles/Alpha Blended' not found
Launched and connected shader compiler UnityShaderCompiler.exe after 0.12 seconds
Refreshing native plugins compatible for Editor in 1.57 ms, found 3 plugins.
Preloading 0 native plugins for Editor in 0.00 ms.
Unloading 3930 Unused Serialized files (Serialized files now loaded: 0)
Unloading 34 unused Assets / (0.7 MB). Loaded Objects now: 4417.
Memory consumption went from 256.1 MB to 255.4 MB.
Total: 4.176100 ms (FindLiveObjects: 0.479700 ms CreateObjectMapping: 0.141700 ms MarkObjects: 3.163900 ms  DeleteObjects: 0.389000 ms)

AssetImportParameters requested are different than current active one (requested -> active):
  custom:video-decoder-ogg-theora: a1e56fd34408186e4bbccfd4996cb3dc -> 
  custom:container-muxer-webm: aa71ff27fc2769a1b78a27578f13a17b -> 
  custom:container-demuxer-webm: 4f35f7cbe854078d1ac9338744f61a02 -> 
  custom:video-encoder-webm-vp8: eb34c28f22e8b96e1ab97ce403110664 -> 
  custom:audio-encoder-webm-vorbis: bf7c407c2cedff20999df2af8eb42d56 -> 
  custom:framework-win-MediaFoundation: 216162199b28c13a410421893ffa2e32 -> 
  custom:container-demuxer-ogg: 62fdf1f143b41e24485cea50d1cbac27 -> 
  custom:video-decoder-webm-vp8: 9c59270c3fd7afecdb556c50c9e8de78 -> 
  custom:audio-decoder-ogg-vorbis: bf7c407c2cedff20999df2af8eb42d56 -> 
========================================================================
Received Import Request.
  Time since last request: 864408.987537 seconds.
  path: Assets/Beautiful Progress Bar Free - CYKO/Scripts
  artifactKey: Guid(4ef5e874d03c74a52abc0f795af774da) Importer(815301076,1909f56bfc062723c751e8b465ee728b)
Start importing Assets/Beautiful Progress Bar Free - CYKO/Scripts using Guid(4ef5e874d03c74a52abc0f795af774da) Importer(815301076,1909f56bfc062723c751e8b465ee728b)  -> (artifact id: 'fe05933a72e53baf193ad59b475eca4a') in 0.015496 seconds 
========================================================================
Received Import Request.
  Time since last request: 17.501514 seconds.
  path: Assets/JailBreak/MyRealMaterialsFree/Materials/Concrete/CinderBlockWhitePaintedCracked.mat
  artifactKey: Guid(e33aa565c755e9a4fb0f353db5168db3) Importer(815301076,1909f56bfc062723c751e8b465ee728b)
Start importing Assets/JailBreak/MyRealMaterialsFree/Materials/Concrete/CinderBlockWhitePaintedCracked.mat using Guid(e33aa565c755e9a4fb0f353db5168db3) Importer(815301076,1909f56bfc062723c751e8b465ee728b)  -> (artifact id: '5eefec8a989127c9f8aa5455315ac97b') in 1.114343 seconds 
========================================================================
Received Import Request.
  Time since last request: 0.000024 seconds.
  path: Assets/JailBreak/MyRealMaterialsFree/Materials/Concrete/ConcreteWeatheredMossy.mat
  artifactKey: Guid(edfb454e112c43947a321bec3bcd241c) Importer(815301076,1909f56bfc062723c751e8b465ee728b)
Start importing Assets/JailBreak/MyRealMaterialsFree/Materials/Concrete/ConcreteWeatheredMossy.mat using Guid(edfb454e112c43947a321bec3bcd241c) Importer(815301076,1909f56bfc062723c751e8b465ee728b)  -> (artifact id: '5dbf6210d9ff0dbd30f15111aba2e70f') in 0.269616 seconds 
========================================================================
Received Import Request.
  Time since last request: 0.474330 seconds.
  path: Assets/JailBreak/MyRealMaterialsFree/Materials/Ground/GroundMoistForestLeaves.mat
  artifactKey: Guid(ad0185cb6c9e7ff4baf87093ec553686) Importer(815301076,1909f56bfc062723c751e8b465ee728b)
Start importing Assets/JailBreak/MyRealMaterialsFree/Materials/Ground/GroundMoistForestLeaves.mat using Guid(ad0185cb6c9e7ff4baf87093ec553686) Importer(815301076,1909f56bfc062723c751e8b465ee728b)  -> (artifact id: '871cb1c9800c052f450bfa2da5e692c4') in 0.358509 seconds 
========================================================================
Received Import Request.
  Time since last request: 1.381290 seconds.
  path: Assets/JailBreak/MyRealMaterialsFree/Materials/Metal/MetalBlueCorrodedLeaks.mat
  artifactKey: Guid(979ff83c8f8390d418db4d1a489d493f) Importer(815301076,1909f56bfc062723c751e8b465ee728b)
Start importing Assets/JailBreak/MyRealMaterialsFree/Materials/Metal/MetalBlueCorrodedLeaks.mat using Guid(979ff83c8f8390d418db4d1a489d493f) Importer(815301076,1909f56bfc062723c751e8b465ee728b)  -> (artifact id: 'f686a219dcbb0ac4297f048b0af15fa8') in 0.366584 seconds 
========================================================================
Received Import Request.
  Time since last request: 1.847904 seconds.
  path: Assets/JailBreak/MyRealMaterialsFree/Materials/Brick/BricksSmallYellowPaintedCracks.mat
  artifactKey: Guid(a26936158ac0c7d44b51243f09d25847) Importer(815301076,1909f56bfc062723c751e8b465ee728b)
Start importing Assets/JailBreak/MyRealMaterialsFree/Materials/Brick/BricksSmallYellowPaintedCracks.mat using Guid(a26936158ac0c7d44b51243f09d25847) Importer(815301076,1909f56bfc062723c751e8b465ee728b)  -> (artifact id: '12fdf22d040a89c959fa69abc7e04412') in 0.023293 seconds 
========================================================================
Received Import Request.
  Time since last request: 0.000022 seconds.
  path: Assets/JailBreak/MyRealMaterialsFree/Materials/Brick/BricksWhitePaintedCracked02.mat
  artifactKey: Guid(cf63313a8ce7f6d4497dccd474739372) Importer(815301076,1909f56bfc062723c751e8b465ee728b)
Start importing Assets/JailBreak/MyRealMaterialsFree/Materials/Brick/BricksWhitePaintedCracked02.mat using Guid(cf63313a8ce7f6d4497dccd474739372) Importer(815301076,1909f56bfc062723c751e8b465ee728b)  -> (artifact id: 'fe307dca322f87c466317a84a3dcebbd') in 0.277974 seconds 
========================================================================
Received Import Request.
  Time since last request: 40.228121 seconds.
  path: Assets/Standard Assets/Effects/ImageEffects/Textures/color correction ramp.png
  artifactKey: Guid(d440902fad11e807d00044888d76c639) Importer(815301076,1909f56bfc062723c751e8b465ee728b)
Start importing Assets/Standard Assets/Effects/ImageEffects/Textures/color correction ramp.png using Guid(d440902fad11e807d00044888d76c639) Importer(815301076,1909f56bfc062723c751e8b465ee728b)  -> (artifact id: 'aed15b355d28614bca124ccf94324572') in 0.124210 seconds 
========================================================================
Received Import Request.
  Time since last request: 0.177655 seconds.
  path: Assets/Horror Hospital Pack/Materials/Floor/Materials/Concrete.mat
  artifactKey: Guid(60c397427b878b94a8b87675d269c187) Importer(815301076,1909f56bfc062723c751e8b465ee728b)
Start importing Assets/Horror Hospital Pack/Materials/Floor/Materials/Concrete.mat using Guid(60c397427b878b94a8b87675d269c187) Importer(815301076,1909f56bfc062723c751e8b465ee728b)  -> (artifact id: '251b96e3a0be17db13481059972d3284') in 0.017919 seconds 
========================================================================
Received Import Request.
  Time since last request: 0.000022 seconds.
  path: Assets/LowPolyBuildings/Models/Materials/concrete1.png
  artifactKey: Guid(604b39ee693312541b072eaaca4b932c) Importer(815301076,1909f56bfc062723c751e8b465ee728b)
Start importing Assets/LowPolyBuildings/Models/Materials/concrete1.png using Guid(604b39ee693312541b072eaaca4b932c) Importer(815301076,1909f56bfc062723c751e8b465ee728b)  -> (artifact id: 'e30a359b9009644eea07ac7cbfcd3b04') in 0.092295 seconds 
========================================================================
Received Import Request.
  Time since last request: 0.000041 seconds.
  path: Assets/JailBreak/MyRealMaterialsFree/Textures/Concrete/Materials/Concrete_Weathered_Mossy_Albedo.mat
  artifactKey: Guid(70551078748ddec468dbb0940f2c054e) Importer(815301076,1909f56bfc062723c751e8b465ee728b)
Start importing Assets/JailBreak/MyRealMaterialsFree/Textures/Concrete/Materials/Concrete_Weathered_Mossy_Albedo.mat using Guid(70551078748ddec468dbb0940f2c054e) Importer(815301076,1909f56bfc062723c751e8b465ee728b)  -> (artifact id: 'ed610723557fcd898ee6812ec3e52568') in 0.071190 seconds 
========================================================================
Received Import Request.
  Time since last request: 0.000032 seconds.
  path: Assets/LowPolyBuildings/Models/Materials/house3_concrete_bricks.psd
  artifactKey: Guid(c4690ea388f742f43b9bae164d992866) Importer(815301076,1909f56bfc062723c751e8b465ee728b)
Start importing Assets/LowPolyBuildings/Models/Materials/house3_concrete_bricks.psd using Guid(c4690ea388f742f43b9bae164d992866) Importer(815301076,1909f56bfc062723c751e8b465ee728b)  -> (artifact id: 'b661bd72f202544e666c64685a69a08b') in 0.913821 seconds 
========================================================================
Received Import Request.
  Time since last request: 0.000019 seconds.
  path: Assets/LowPolyBuildings/Models/wall_concrete.fbx
  artifactKey: Guid(6d0cb7ecad55fc74fbcc984c481d721e) Importer(815301076,1909f56bfc062723c751e8b465ee728b)
Start importing Assets/LowPolyBuildings/Models/wall_concrete.fbx using Guid(6d0cb7ecad55fc74fbcc984c481d721e) Importer(815301076,1909f56bfc062723c751e8b465ee728b)  -> (artifact id: '47f086c06f936cb049001658bd55fb6b') in 0.417946 seconds 
========================================================================
Received Import Request.
  Time since last request: 0.000033 seconds.
  path: Assets/Infima Games/Low Poly Shooter Pack - Free Sample/Art/Textures/Effects/T_Impact_Concrete_D.png
  artifactKey: Guid(e676fea0225b9c74f97851005f7cc31a) Importer(815301076,1909f56bfc062723c751e8b465ee728b)
Start importing Assets/Infima Games/Low Poly Shooter Pack - Free Sample/Art/Textures/Effects/T_Impact_Concrete_D.png using Guid(e676fea0225b9c74f97851005f7cc31a) Importer(815301076,1909f56bfc062723c751e8b465ee728b)  -> (artifact id: '78981f72a19cf8c0b8affc02972df22f') in 0.054116 seconds 
========================================================================
Received Import Request.
  Time since last request: 0.000053 seconds.
  path: Assets/LowPolyBuildings/Models/Materials/concrete_barrier.png
  artifactKey: Guid(84219606e151e4e4c82bc976a690caa4) Importer(815301076,1909f56bfc062723c751e8b465ee728b)
Start importing Assets/LowPolyBuildings/Models/Materials/concrete_barrier.png using Guid(84219606e151e4e4c82bc976a690caa4) Importer(815301076,1909f56bfc062723c751e8b465ee728b)  -> (artifact id: '9b6a5e300906935d3e22bd8f9e109a69') in 0.015431 seconds 
========================================================================
Received Import Request.
  Time since last request: 0.000029 seconds.
  path: Assets/LowPolyBuildings/Models/Materials/concrete2.png
  artifactKey: Guid(b8075fbda066a3c4f9db89fd7ca337aa) Importer(815301076,1909f56bfc062723c751e8b465ee728b)
Start importing Assets/LowPolyBuildings/Models/Materials/concrete2.png using Guid(b8075fbda066a3c4f9db89fd7ca337aa) Importer(815301076,1909f56bfc062723c751e8b465ee728b)  -> (artifact id: 'f78f076dab9fec4be2089c1c6c0bf943') in 0.016628 seconds 
========================================================================
Received Import Request.
  Time since last request: 0.000020 seconds.
  path: Assets/JailBreak/MyRealMaterialsFree/Textures/Concrete/Concrete_Weathered_Mossy_Specular.tga
  artifactKey: Guid(95fe0ce30e82fa445ae3176ddb4521d9) Importer(815301076,1909f56bfc062723c751e8b465ee728b)
Start importing Assets/JailBreak/MyRealMaterialsFree/Textures/Concrete/Concrete_Weathered_Mossy_Specular.tga using Guid(95fe0ce30e82fa445ae3176ddb4521d9) Importer(815301076,1909f56bfc062723c751e8b465ee728b)  -> (artifact id: '27b38f48516f19b1e60aee8989c4917d') in 0.022015 seconds 
========================================================================
Received Import Request.
  Time since last request: 0.000021 seconds.
  path: Assets/JailBreak/MyRealMaterialsFree/Textures/Concrete/Concrete_Pattern_Painted_White_Normal.tga
  artifactKey: Guid(182d1c6b4e1d9b845997ca9e1ff67c7e) Importer(815301076,1909f56bfc062723c751e8b465ee728b)
Start importing Assets/JailBreak/MyRealMaterialsFree/Textures/Concrete/Concrete_Pattern_Painted_White_Normal.tga using Guid(182d1c6b4e1d9b845997ca9e1ff67c7e) Importer(815301076,1909f56bfc062723c751e8b465ee728b)  -> (artifact id: 'b177abfdf8224f8caa44e78bbf327b2c') in 0.022364 seconds 
========================================================================
Received Import Request.
  Time since last request: 0.000037 seconds.
  path: Assets/Horror Hospital Pack/Materials/Floor/Concrete_n.png
  artifactKey: Guid(1c3b6485b68544c4d9f243efb74a99dd) Importer(815301076,1909f56bfc062723c751e8b465ee728b)
Start importing Assets/Horror Hospital Pack/Materials/Floor/Concrete_n.png using Guid(1c3b6485b68544c4d9f243efb74a99dd) Importer(815301076,1909f56bfc062723c751e8b465ee728b)  -> (artifact id: 'a2ac4e668fbcee56ce8878fdbc4f94b3') in 0.062313 seconds 
========================================================================
Received Import Request.
  Time since last request: 0.000022 seconds.
  path: Assets/JailBreak/MyRealMaterialsFree/Textures/Concrete/Concrete_Weathered_Mossy_Albedo.tga
  artifactKey: Guid(1443b7937d804114582346e03d62d4c3) Importer(815301076,1909f56bfc062723c751e8b465ee728b)
Start importing Assets/JailBreak/MyRealMaterialsFree/Textures/Concrete/Concrete_Weathered_Mossy_Albedo.tga using Guid(1443b7937d804114582346e03d62d4c3) Importer(815301076,1909f56bfc062723c751e8b465ee728b)  -> (artifact id: 'd23df366b8a610f01defd714f3c3d6bc') in 0.018055 seconds 
========================================================================
Received Import Request.
  Time since last request: 0.000026 seconds.
  path: Assets/LowPolyBuildings/Models/Materials/concrete_barrier_n.png
  artifactKey: Guid(a493a08af0d8c5f49aafa6ec59010c71) Importer(815301076,1909f56bfc062723c751e8b465ee728b)
Start importing Assets/LowPolyBuildings/Models/Materials/concrete_barrier_n.png using Guid(a493a08af0d8c5f49aafa6ec59010c71) Importer(815301076,1909f56bfc062723c751e8b465ee728b)  -> (artifact id: '6b8c7a69aa9fe2e38c6413c751991785') in 0.016355 seconds 
========================================================================
Received Import Request.
  Time since last request: 0.000026 seconds.
  path: Assets/JailBreak/MyRealMaterialsFree/Textures/Concrete/Concrete_Weathered_Mossy_Occlusion.tga
  artifactKey: Guid(5241c69ed60177248addb10920d214b2) Importer(815301076,1909f56bfc062723c751e8b465ee728b)
Start importing Assets/JailBreak/MyRealMaterialsFree/Textures/Concrete/Concrete_Weathered_Mossy_Occlusion.tga using Guid(5241c69ed60177248addb10920d214b2) Importer(815301076,1909f56bfc062723c751e8b465ee728b)  -> (artifact id: '5db02e6d86e2a5f6264b70234d4fbbb2') in 0.021862 seconds 
========================================================================
Received Import Request.
  Time since last request: 0.000022 seconds.
  path: Assets/LowPolyBuildings/Models/Materials/concrete1.mat
  artifactKey: Guid(aee1b2ca9e2de044a96145a308ccf432) Importer(815301076,1909f56bfc062723c751e8b465ee728b)
Start importing Assets/LowPolyBuildings/Models/Materials/concrete1.mat using Guid(aee1b2ca9e2de044a96145a308ccf432) Importer(815301076,1909f56bfc062723c751e8b465ee728b)  -> (artifact id: '50ee52f103f08fd16564ae0b636521b1') in 0.036620 seconds 
========================================================================
Received Import Request.
  Time since last request: 0.000022 seconds.
  path: Assets/JailBreak/MyRealMaterialsFree/Textures/Concrete/Concrete_Weathered_Mossy_Normal.tga
  artifactKey: Guid(202007c06bec57146a6a907e54f0df93) Importer(815301076,1909f56bfc062723c751e8b465ee728b)
Start importing Assets/JailBreak/MyRealMaterialsFree/Textures/Concrete/Concrete_Weathered_Mossy_Normal.tga using Guid(202007c06bec57146a6a907e54f0df93) Importer(815301076,1909f56bfc062723c751e8b465ee728b)  -> (artifact id: '7a0a57e9536f47c189bc69c07aab7a5e') in 0.021137 seconds 
========================================================================
Received Import Request.
  Time since last request: 5.788234 seconds.
  path: Assets/JailBreak/MyRealMaterialsFree/Textures/Concrete/Materials/Concrete_Weathered_Mossy_Height.mat
  artifactKey: Guid(b4a98a9aa0b056643a1776e4c65d5ead) Importer(815301076,1909f56bfc062723c751e8b465ee728b)
Start importing Assets/JailBreak/MyRealMaterialsFree/Textures/Concrete/Materials/Concrete_Weathered_Mossy_Height.mat using Guid(b4a98a9aa0b056643a1776e4c65d5ead) Importer(815301076,1909f56bfc062723c751e8b465ee728b)  -> (artifact id: '76ca99b476c02a9368217459cc713a1e') in 0.027820 seconds 
========================================================================
Received Import Request.
  Time since last request: 9.433675 seconds.
  path: Assets/LowPolyBuildings/Models/Materials/bricks1.png
  artifactKey: Guid(e1d816ad5b091514a916d4e6eb200b2c) Importer(815301076,1909f56bfc062723c751e8b465ee728b)
Start importing Assets/LowPolyBuildings/Models/Materials/bricks1.png using Guid(e1d816ad5b091514a916d4e6eb200b2c) Importer(815301076,1909f56bfc062723c751e8b465ee728b)  -> (artifact id: '52fdd705d57537e8de69b5ce55b4f450') in 0.042855 seconds 
========================================================================
Received Import Request.
  Time since last request: 0.000024 seconds.
  path: Assets/LowPolyBuildings/Models/Materials/bricks2.mat
  artifactKey: Guid(e411a7d840957104492538ee5fe1a7cd) Importer(815301076,1909f56bfc062723c751e8b465ee728b)
Start importing Assets/LowPolyBuildings/Models/Materials/bricks2.mat using Guid(e411a7d840957104492538ee5fe1a7cd) Importer(815301076,1909f56bfc062723c751e8b465ee728b)  -> (artifact id: '0cd26b727eac51a231ba0231c1ae851f') in 0.128111 seconds 
========================================================================
Received Import Request.
  Time since last request: 0.000033 seconds.
  path: Assets/JailBreak/MyRealMaterialsFree/Textures/Brick/Bricks_White_Painted_cracked_01_Normal.tga
  artifactKey: Guid(84bb5192d75882140910cbbdf1224027) Importer(815301076,1909f56bfc062723c751e8b465ee728b)
Start importing Assets/JailBreak/MyRealMaterialsFree/Textures/Brick/Bricks_White_Painted_cracked_01_Normal.tga using Guid(84bb5192d75882140910cbbdf1224027) Importer(815301076,1909f56bfc062723c751e8b465ee728b)  -> (artifact id: '0eb15596b9a2676009bd68188f2eb327') in 0.020848 seconds 
========================================================================
Received Import Request.
  Time since last request: 0.000049 seconds.
  path: Assets/JailBreak/MyRealMaterialsFree/Textures/Brick/Materials/Bricks_White_Painted_Cracked_02_Height.mat
  artifactKey: Guid(168f7ccaf10cf7c488804a068d5e5714) Importer(815301076,1909f56bfc062723c751e8b465ee728b)
Start importing Assets/JailBreak/MyRealMaterialsFree/Textures/Brick/Materials/Bricks_White_Painted_Cracked_02_Height.mat using Guid(168f7ccaf10cf7c488804a068d5e5714) Importer(815301076,1909f56bfc062723c751e8b465ee728b)  -> (artifact id: 'a0d073ab6a69f7b1aa8a2f640cc2291d') in 0.027203 seconds 
========================================================================
Received Import Request.
  Time since last request: 0.000033 seconds.
  path: Assets/JailBreak/MyRealMaterialsFree/Textures/Brick/Materials/Bricks_Small_Yellow_Painted_Cracks_Height.mat
  artifactKey: Guid(1fa070c2adf57f0459f088292174d35d) Importer(815301076,1909f56bfc062723c751e8b465ee728b)
Start importing Assets/JailBreak/MyRealMaterialsFree/Textures/Brick/Materials/Bricks_Small_Yellow_Painted_Cracks_Height.mat using Guid(1fa070c2adf57f0459f088292174d35d) Importer(815301076,1909f56bfc062723c751e8b465ee728b)  -> (artifact id: '68909975bca87c59b84e9565e4d59d33') in 0.033647 seconds 
========================================================================
Received Import Request.
  Time since last request: 0.000021 seconds.
  path: Assets/JailBreak/MyRealMaterialsFree/Textures/Brick/Materials/Bricks_White_Painted_cracked_01_Albedo.mat
  artifactKey: Guid(7ad19ff734ba63c458feed08fd1ecc7a) Importer(815301076,1909f56bfc062723c751e8b465ee728b)
Start importing Assets/JailBreak/MyRealMaterialsFree/Textures/Brick/Materials/Bricks_White_Painted_cracked_01_Albedo.mat using Guid(7ad19ff734ba63c458feed08fd1ecc7a) Importer(815301076,1909f56bfc062723c751e8b465ee728b)  -> (artifact id: '0ae9c70a72214bec4569ded07472e536') in 0.021330 seconds 
========================================================================
Received Import Request.
  Time since last request: 0.000031 seconds.
  path: Assets/LowPolyBuildings/Models/Materials/bricks1_new_n.png
  artifactKey: Guid(a2ab5fc62e159604b9f644f7ff84c564) Importer(815301076,1909f56bfc062723c751e8b465ee728b)
Start importing Assets/LowPolyBuildings/Models/Materials/bricks1_new_n.png using Guid(a2ab5fc62e159604b9f644f7ff84c564) Importer(815301076,1909f56bfc062723c751e8b465ee728b)  -> (artifact id: '9646a14670688b66edfcda55a37b5350') in 0.021163 seconds 
========================================================================
Received Import Request.
  Time since last request: 0.000033 seconds.
  path: Assets/JailBreak/MyRealMaterialsFree/Textures/Brick/Bricks_White_Painted_Cracked_02_Occlusion.tga
  artifactKey: Guid(1b57a0126737f474d9aca972ca79af9d) Importer(815301076,1909f56bfc062723c751e8b465ee728b)
Start importing Assets/JailBreak/MyRealMaterialsFree/Textures/Brick/Bricks_White_Painted_Cracked_02_Occlusion.tga using Guid(1b57a0126737f474d9aca972ca79af9d) Importer(815301076,1909f56bfc062723c751e8b465ee728b)  -> (artifact id: '7470210e9e3881b73b0a0807564fc8b9') in 0.023037 seconds 
========================================================================
Received Import Request.
  Time since last request: 0.000045 seconds.
  path: Assets/JailBreak/MyRealMaterialsFree/Textures/Brick/Bricks_White_Painted_Cracked_02_Specular.tga
  artifactKey: Guid(bc6498aa21b1f1646a8740676dd07155) Importer(815301076,1909f56bfc062723c751e8b465ee728b)
Start importing Assets/JailBreak/MyRealMaterialsFree/Textures/Brick/Bricks_White_Painted_Cracked_02_Specular.tga using Guid(bc6498aa21b1f1646a8740676dd07155) Importer(815301076,1909f56bfc062723c751e8b465ee728b)  -> (artifact id: '7c0b44707d1b038c6e59827dc90bb109') in 0.018772 seconds 
========================================================================
Received Import Request.
  Time since last request: 0.000033 seconds.
  path: Assets/JailBreak/MyRealMaterialsFree/Textures/Brick/Bricks_White_Painted_cracked_01_Specular.tga
  artifactKey: Guid(db2498777e64e684ea95b2d1d7a3f9c9) Importer(815301076,1909f56bfc062723c751e8b465ee728b)
Start importing Assets/JailBreak/MyRealMaterialsFree/Textures/Brick/Bricks_White_Painted_cracked_01_Specular.tga using Guid(db2498777e64e684ea95b2d1d7a3f9c9) Importer(815301076,1909f56bfc062723c751e8b465ee728b)  -> (artifact id: '98eb271c0e1db8b5137c23b8e91e900e') in 0.020667 seconds 
========================================================================
Received Import Request.
  Time since last request: 0.000039 seconds.
  path: Assets/JailBreak/MyRealMaterialsFree/Textures/Brick/Bricks_White_Painted_cracked_01_Occlusion.tga
  artifactKey: Guid(1d9e319b01fd4c2409059bf596fbd4fc) Importer(815301076,1909f56bfc062723c751e8b465ee728b)
Start importing Assets/JailBreak/MyRealMaterialsFree/Textures/Brick/Bricks_White_Painted_cracked_01_Occlusion.tga using Guid(1d9e319b01fd4c2409059bf596fbd4fc) Importer(815301076,1909f56bfc062723c751e8b465ee728b)  -> (artifact id: '8fe3cfe17b64c11687ce66c7805271ba') in 0.030788 seconds 
========================================================================
Received Import Request.
  Time since last request: 0.000024 seconds.
  path: Assets/JailBreak/MyRealMaterialsFree/Textures/Brick/Materials/Bricks_Small_Yellow_Painted_Cracks_Albedo.mat
  artifactKey: Guid(25f869f6e402901449e1db0d5db29bef) Importer(815301076,1909f56bfc062723c751e8b465ee728b)
Start importing Assets/JailBreak/MyRealMaterialsFree/Textures/Brick/Materials/Bricks_Small_Yellow_Painted_Cracks_Albedo.mat using Guid(25f869f6e402901449e1db0d5db29bef) Importer(815301076,1909f56bfc062723c751e8b465ee728b)  -> (artifact id: '1f67ae0847777b0807762afc1a7945bd') in 0.026277 seconds 
========================================================================
Received Import Request.
  Time since last request: 0.000027 seconds.
  path: Assets/JailBreak/MyRealMaterialsFree/Prefabs/BricksSmallYellowPaintedCracks.prefab
  artifactKey: Guid(b4ebd7ecc2664154388f3afcb44ad9c7) Importer(815301076,1909f56bfc062723c751e8b465ee728b)
Start importing Assets/JailBreak/MyRealMaterialsFree/Prefabs/BricksSmallYellowPaintedCracks.prefab using Guid(b4ebd7ecc2664154388f3afcb44ad9c7) Importer(815301076,1909f56bfc062723c751e8b465ee728b)  -> (artifact id: '99c5aca9a09f64a8aa3ede85f5b3906b') in 0.036844 seconds 
========================================================================
Received Import Request.
  Time since last request: 0.000033 seconds.
  path: Assets/LowPolyBuildings/Models/Materials/bricks1_new.png
  artifactKey: Guid(e102ec0f093bf7140a5e2e308caff133) Importer(815301076,1909f56bfc062723c751e8b465ee728b)
Start importing Assets/LowPolyBuildings/Models/Materials/bricks1_new.png using Guid(e102ec0f093bf7140a5e2e308caff133) Importer(815301076,1909f56bfc062723c751e8b465ee728b)  -> (artifact id: '2752f3938e6d144bcbc8b852835c78d3') in 0.017171 seconds 
========================================================================
Received Import Request.
  Time since last request: 0.000203 seconds.
  path: Assets/JailBreak/MyRealMaterialsFree/Textures/Brick/Bricks_White_Painted_cracked_01_Albedo.tga
  artifactKey: Guid(7635c5bac5cd68442a3b03d1f09aa38c) Importer(815301076,1909f56bfc062723c751e8b465ee728b)
Start importing Assets/JailBreak/MyRealMaterialsFree/Textures/Brick/Bricks_White_Painted_cracked_01_Albedo.tga using Guid(7635c5bac5cd68442a3b03d1f09aa38c) Importer(815301076,1909f56bfc062723c751e8b465ee728b)  -> (artifact id: '3ff4c5076562d9780960416abda5cf41') in 0.017772 seconds 
========================================================================
Received Import Request.
  Time since last request: 0.000022 seconds.
  path: Assets/LowPolyBuildings/Models/Materials/bricks2_tiled_n.png
  artifactKey: Guid(edc870592a4fb72478f9f96582dabfc1) Importer(815301076,1909f56bfc062723c751e8b465ee728b)
Start importing Assets/LowPolyBuildings/Models/Materials/bricks2_tiled_n.png using Guid(edc870592a4fb72478f9f96582dabfc1) Importer(815301076,1909f56bfc062723c751e8b465ee728b)  -> (artifact id: 'cdb19ccb7d06454fc6f7b836b8e36367') in 0.028393 seconds 
Editor requested this worker to shutdown with reason: Scaling down because of idle timeout
AssetImportWorker is now disconnected from the server
Process exiting
Exiting without the bug reporter. Application will terminate with return code 0