
=== Fri Jan  7 20:00:48 2022

Packages were changed.
Update Mode: mergeDefaultDependencies

The following packages were added:
  com.unity.ide.rider@3.0.7
  com.unity.ide.visualstudio@2.0.12
  com.unity.ide.vscode@1.2.4
  com.unity.modules.ai@1.0.0
  com.unity.modules.androidjni@1.0.0
  com.unity.modules.animation@1.0.0
  com.unity.modules.assetbundle@1.0.0
  com.unity.modules.audio@1.0.0
  com.unity.modules.cloth@1.0.0
  com.unity.modules.director@1.0.0
  com.unity.modules.imageconversion@1.0.0
  com.unity.modules.imgui@1.0.0
  com.unity.modules.jsonserialize@1.0.0
  com.unity.modules.particlesystem@1.0.0
  com.unity.modules.physics@1.0.0
  com.unity.modules.physics2d@1.0.0
  com.unity.modules.screencapture@1.0.0
  com.unity.modules.terrain@1.0.0
  com.unity.modules.terrainphysics@1.0.0
  com.unity.modules.tilemap@1.0.0
  com.unity.modules.ui@1.0.0
  com.unity.modules.uielements@1.0.0
  com.unity.modules.umbra@1.0.0
  com.unity.modules.unityanalytics@1.0.0
  com.unity.modules.unitywebrequest@1.0.0
  com.unity.modules.unitywebrequestassetbundle@1.0.0
  com.unity.modules.unitywebrequestaudio@1.0.0
  com.unity.modules.unitywebrequesttexture@1.0.0
  com.unity.modules.unitywebrequestwww@1.0.0
  com.unity.modules.vehicles@1.0.0
  com.unity.modules.video@1.0.0
  com.unity.modules.vr@1.0.0
  com.unity.modules.wind@1.0.0
  com.unity.modules.xr@1.0.0
  com.unity.test-framework@1.1.29
  com.unity.visualscripting@1.7.5
The following packages were updated:
  com.unity.collab-proxy from version 1.13.5 to 1.15.4

=== Mon Jan 10 17:58:56 2022

Packages were changed.
Update Mode: mergeDefaultDependencies

The following packages were added:
  com.unity.2d.sprite@1.0.0
  com.unity.2d.tilemap@1.0.0
  com.unity.analytics@3.6.11
  com.unity.burst@1.6.1
  com.unity.inputsystem@1.2.0
  com.unity.postprocessing@3.2.0

=== Mon Jan 10 18:10:31 2022

Packages were changed.
Update Mode: updateDependencies

The following packages were updated:
  com.unity.analytics from version 3.6.11 to 3.6.12

=== Sat Jan 15 00:14:20 2022

Packages were changed.
Update Mode: mergeDefaultDependencies

The following packages were added:
  com.unity.ads@2.0.8
  com.unity.cinemachine@2.2.8
  com.unity.formats.fbx@2.0.1-preview.5
  com.unity.package-manager-ui@2.0.7
  com.unity.probuilder@4.0.3
  com.unity.progrids@3.0.3-preview.4
  com.unity.purchasing@2.0.3
  com.unity.render-pipelines.high-definition@4.10.0-preview
  com.unity.visualeffectgraph@4.10.0-preview

=== Sat Jan 15 02:25:30 2022

Packages were changed.
Update Mode: resetToDefaultDependencies

The following packages were removed:
  com.unity.2d.sprite@1.0.0
  com.unity.2d.tilemap@1.0.0
  com.unity.ads@2.0.8
  com.unity.analytics@3.6.12
  com.unity.burst@1.6.1
  com.unity.cinemachine@2.2.8
  com.unity.feature.development@1.0.1
  com.unity.inputsystem@1.2.0
  com.unity.package-manager-ui@2.0.7
  com.unity.postprocessing@3.2.0
  com.unity.probuilder@4.0.3
  com.unity.purchasing@2.0.3

=== Thu Jan 20 16:49:47 2022

Packages were changed.
Update Mode: mergeDefaultDependencies

The following packages were added:
  com.unity.postprocessing@3.1.1
  com.unity.probuilder@4.5.2

=== Fri Jan 21 02:45:43 2022

Packages were changed.
Update Mode: resetToDefaultDependencies

The following packages were removed:
  com.unity.inputsystem@1.2.0
  com.unity.postprocessing@3.1.1
  com.unity.probuilder@4.5.2
